2010/11/29 20:38:46 [error] [system.db.CDbCommand] Error in querying SQL: SHOW COLUMNS FROM `project`
in F:\Softs\Softs\Development\XAMPP\xampp\htdocs\yii\framework\gii\generators\model\ModelCode.php (139)
in F:\Softs\Softs\Development\XAMPP\xampp\htdocs\yii\framework\gii\generators\model\ModelCode.php (115)
in F:\Softs\Softs\Development\XAMPP\xampp\htdocs\yii\framework\gii\CCodeGenerator.php (155)
2010/11/29 20:39:22 [error] [system.db.CDbCommand] Error in querying SQL: SHOW COLUMNS FROM `project`
in F:\Softs\Softs\Development\XAMPP\xampp\htdocs\yii\framework\gii\generators\model\ModelCode.php (139)
in F:\Softs\Softs\Development\XAMPP\xampp\htdocs\yii\framework\gii\generators\model\ModelCode.php (115)
in F:\Softs\Softs\Development\XAMPP\xampp\htdocs\yii\framework\gii\CCodeGenerator.php (155)
2010/11/29 20:39:23 [error] [system.db.CDbCommand] Error in querying SQL: SHOW COLUMNS FROM `project`
in F:\Softs\Softs\Development\XAMPP\xampp\htdocs\yii\framework\gii\generators\model\ModelCode.php (139)
in F:\Softs\Softs\Development\XAMPP\xampp\htdocs\yii\framework\gii\generators\model\ModelCode.php (115)
in F:\Softs\Softs\Development\XAMPP\xampp\htdocs\yii\framework\gii\CCodeGenerator.php (155)
2010/11/29 20:39:24 [error] [system.db.CDbCommand] Error in querying SQL: SHOW COLUMNS FROM `project`
in F:\Softs\Softs\Development\XAMPP\xampp\htdocs\yii\framework\gii\generators\model\ModelCode.php (139)
in F:\Softs\Softs\Development\XAMPP\xampp\htdocs\yii\framework\gii\generators\model\ModelCode.php (115)
in F:\Softs\Softs\Development\XAMPP\xampp\htdocs\yii\framework\gii\CCodeGenerator.php (155)
2010/11/29 20:39:52 [error] [system.db.CDbCommand] Error in querying SQL: SHOW COLUMNS FROM `project`
in F:\Softs\Softs\Development\XAMPP\xampp\htdocs\yii\framework\gii\generators\model\ModelCode.php (139)
in F:\Softs\Softs\Development\XAMPP\xampp\htdocs\yii\framework\gii\generators\model\ModelCode.php (115)
in F:\Softs\Softs\Development\XAMPP\xampp\htdocs\yii\framework\gii\CCodeGenerator.php (155)
2010/11/29 20:39:53 [error] [system.db.CDbCommand] Error in querying SQL: SHOW COLUMNS FROM `project`
in F:\Softs\Softs\Development\XAMPP\xampp\htdocs\yii\framework\gii\generators\model\ModelCode.php (139)
in F:\Softs\Softs\Development\XAMPP\xampp\htdocs\yii\framework\gii\generators\model\ModelCode.php (115)
in F:\Softs\Softs\Development\XAMPP\xampp\htdocs\yii\framework\gii\CCodeGenerator.php (155)
2010/11/29 20:39:53 [error] [system.db.CDbCommand] Error in querying SQL: SHOW COLUMNS FROM `project`
in F:\Softs\Softs\Development\XAMPP\xampp\htdocs\yii\framework\gii\generators\model\ModelCode.php (139)
in F:\Softs\Softs\Development\XAMPP\xampp\htdocs\yii\framework\gii\generators\model\ModelCode.php (115)
in F:\Softs\Softs\Development\XAMPP\xampp\htdocs\yii\framework\gii\CCodeGenerator.php (155)
2010/11/29 20:39:54 [error] [system.db.CDbCommand] Error in querying SQL: SHOW COLUMNS FROM `project`
in F:\Softs\Softs\Development\XAMPP\xampp\htdocs\yii\framework\gii\generators\model\ModelCode.php (139)
in F:\Softs\Softs\Development\XAMPP\xampp\htdocs\yii\framework\gii\generators\model\ModelCode.php (115)
in F:\Softs\Softs\Development\XAMPP\xampp\htdocs\yii\framework\gii\CCodeGenerator.php (155)
2010/11/29 20:39:54 [error] [system.db.CDbCommand] Error in querying SQL: SHOW COLUMNS FROM `project`
in F:\Softs\Softs\Development\XAMPP\xampp\htdocs\yii\framework\gii\generators\model\ModelCode.php (139)
in F:\Softs\Softs\Development\XAMPP\xampp\htdocs\yii\framework\gii\generators\model\ModelCode.php (115)
in F:\Softs\Softs\Development\XAMPP\xampp\htdocs\yii\framework\gii\CCodeGenerator.php (155)
2010/11/29 20:40:58 [error] [system.db.CDbCommand] Error in querying SQL: SHOW COLUMNS FROM `project`
in F:\Softs\Softs\Development\XAMPP\xampp\htdocs\yii\framework\gii\generators\model\ModelCode.php (139)
in F:\Softs\Softs\Development\XAMPP\xampp\htdocs\yii\framework\gii\generators\model\ModelCode.php (115)
in F:\Softs\Softs\Development\XAMPP\xampp\htdocs\yii\framework\gii\CCodeGenerator.php (155)
2010/11/29 20:41:27 [error] [exception.CDbException] exception 'CDbException' with message 'CDbConnection failed to open the DB connection: SQLSTATE[HY000] [2003] Can't connect to MySQL server on 'localhost' (10061)' in F:\Softs\Softs\Development\XAMPP\xampp\htdocs\yii\framework\db\CDbConnection.php:269
Stack trace:
#0 F:\Softs\Softs\Development\XAMPP\xampp\htdocs\yii\framework\db\CDbConnection.php(242): CDbConnection->open()
#1 F:\Softs\Softs\Development\XAMPP\xampp\htdocs\yii\framework\db\CDbConnection.php(221): CDbConnection->setActive(true)
#2 F:\Softs\Softs\Development\XAMPP\xampp\htdocs\yii\framework\base\CModule.php(372): CDbConnection->init()
#3 F:\Softs\Softs\Development\XAMPP\xampp\htdocs\yii\framework\base\CModule.php(86): CModule->getComponent('db')
#4 F:\Softs\Softs\Development\XAMPP\xampp\htdocs\yii\framework\gii\generators\model\ModelCode.php(52): CModule->__get('db')
#5 F:\Softs\Softs\Development\XAMPP\xampp\htdocs\yii\framework\web\CFormModel.php(40): ModelCode->init()
#6 F:\Softs\Softs\Development\XAMPP\xampp\htdocs\yii\framework\gii\CCodeGenerator.php(149): CFormModel->__construct()
#7 F:\Softs\Softs\Development\XAMPP\xampp\htdocs\yii\framework\gii\CCodeGenerator.php(61): CCodeGenerator->prepare()
#8 F:\Softs\Softs\Development\XAMPP\xampp\htdocs\yii\framework\web\actions\CInlineAction.php(57): CCodeGenerator->actionIndex()
#9 F:\Softs\Softs\Development\XAMPP\xampp\htdocs\yii\framework\web\CController.php(300): CInlineAction->run()
#10 F:\Softs\Softs\Development\XAMPP\xampp\htdocs\yii\framework\web\CController.php(278): CController->runAction(Object(CInlineAction))
#11 F:\Softs\Softs\Development\XAMPP\xampp\htdocs\yii\framework\web\CController.php(257): CController->runActionWithFilters(Object(CInlineAction), Array)
#12 F:\Softs\Softs\Development\XAMPP\xampp\htdocs\yii\framework\web\CWebApplication.php(324): CController->run('')
#13 F:\Softs\Softs\Development\XAMPP\xampp\htdocs\yii\framework\web\CWebApplication.php(121): CWebApplication->runController('gii/model')
#14 F:\Softs\Softs\Development\XAMPP\xampp\htdocs\yii\framework\base\CApplication.php(135): CWebApplication->processRequest()
#15 F:\Softs\Softs\Development\XAMPP\xampp\htdocs\trackstar\index.php(13): CApplication->run()
#16 {main} REQUEST_URI=/trackstar/index.php?r=gii/model
2010/11/29 20:41:49 [error] [system.db.CDbCommand] Error in querying SQL: SHOW COLUMNS FROM `project`
in F:\Softs\Softs\Development\XAMPP\xampp\htdocs\yii\framework\gii\generators\model\ModelCode.php (139)
in F:\Softs\Softs\Development\XAMPP\xampp\htdocs\yii\framework\gii\generators\model\ModelCode.php (115)
in F:\Softs\Softs\Development\XAMPP\xampp\htdocs\yii\framework\gii\CCodeGenerator.php (155)
2010/11/29 20:41:53 [error] [system.db.CDbCommand] Error in querying SQL: SHOW COLUMNS FROM `project`
in F:\Softs\Softs\Development\XAMPP\xampp\htdocs\yii\framework\gii\generators\model\ModelCode.php (139)
in F:\Softs\Softs\Development\XAMPP\xampp\htdocs\yii\framework\gii\generators\model\ModelCode.php (115)
in F:\Softs\Softs\Development\XAMPP\xampp\htdocs\yii\framework\gii\CCodeGenerator.php (155)
2010/11/29 20:43:05 [error] [system.db.CDbCommand] Error in querying SQL: SHOW COLUMNS FROM `project`
in F:\Softs\Softs\Development\XAMPP\xampp\htdocs\yii\framework\gii\generators\model\ModelCode.php (139)
in F:\Softs\Softs\Development\XAMPP\xampp\htdocs\yii\framework\gii\generators\model\ModelCode.php (115)
in F:\Softs\Softs\Development\XAMPP\xampp\htdocs\yii\framework\gii\CCodeGenerator.php (155)
2010/11/29 20:43:10 [error] [system.db.CDbCommand] Error in querying SQL: SHOW COLUMNS FROM `project`
in F:\Softs\Softs\Development\XAMPP\xampp\htdocs\yii\framework\gii\generators\model\ModelCode.php (139)
in F:\Softs\Softs\Development\XAMPP\xampp\htdocs\yii\framework\gii\generators\model\ModelCode.php (115)
in F:\Softs\Softs\Development\XAMPP\xampp\htdocs\yii\framework\gii\CCodeGenerator.php (155)
2010/11/29 20:43:13 [error] [system.db.CDbCommand] Error in querying SQL: SHOW COLUMNS FROM `project`
in F:\Softs\Softs\Development\XAMPP\xampp\htdocs\yii\framework\gii\generators\model\ModelCode.php (139)
in F:\Softs\Softs\Development\XAMPP\xampp\htdocs\yii\framework\gii\generators\model\ModelCode.php (115)
in F:\Softs\Softs\Development\XAMPP\xampp\htdocs\yii\framework\gii\CCodeGenerator.php (155)
2010/11/29 20:43:13 [error] [system.db.CDbCommand] Error in querying SQL: SHOW COLUMNS FROM `project`
in F:\Softs\Softs\Development\XAMPP\xampp\htdocs\yii\framework\gii\generators\model\ModelCode.php (139)
in F:\Softs\Softs\Development\XAMPP\xampp\htdocs\yii\framework\gii\generators\model\ModelCode.php (115)
in F:\Softs\Softs\Development\XAMPP\xampp\htdocs\yii\framework\gii\CCodeGenerator.php (155)
2010/11/29 20:43:36 [error] [system.db.CDbCommand] Error in querying SQL: SHOW COLUMNS FROM `project`
in F:\Softs\Softs\Development\XAMPP\xampp\htdocs\yii\framework\gii\generators\model\ModelCode.php (139)
in F:\Softs\Softs\Development\XAMPP\xampp\htdocs\yii\framework\gii\generators\model\ModelCode.php (115)
in F:\Softs\Softs\Development\XAMPP\xampp\htdocs\yii\framework\gii\CCodeGenerator.php (155)
2010/11/29 20:43:37 [error] [system.db.CDbCommand] Error in querying SQL: SHOW COLUMNS FROM `project`
in F:\Softs\Softs\Development\XAMPP\xampp\htdocs\yii\framework\gii\generators\model\ModelCode.php (139)
in F:\Softs\Softs\Development\XAMPP\xampp\htdocs\yii\framework\gii\generators\model\ModelCode.php (115)
in F:\Softs\Softs\Development\XAMPP\xampp\htdocs\yii\framework\gii\CCodeGenerator.php (155)
2010/11/29 20:43:37 [error] [system.db.CDbCommand] Error in querying SQL: SHOW COLUMNS FROM `project`
in F:\Softs\Softs\Development\XAMPP\xampp\htdocs\yii\framework\gii\generators\model\ModelCode.php (139)
in F:\Softs\Softs\Development\XAMPP\xampp\htdocs\yii\framework\gii\generators\model\ModelCode.php (115)
in F:\Softs\Softs\Development\XAMPP\xampp\htdocs\yii\framework\gii\CCodeGenerator.php (155)
2010/11/29 20:43:38 [error] [system.db.CDbCommand] Error in querying SQL: SHOW COLUMNS FROM `project`
in F:\Softs\Softs\Development\XAMPP\xampp\htdocs\yii\framework\gii\generators\model\ModelCode.php (139)
in F:\Softs\Softs\Development\XAMPP\xampp\htdocs\yii\framework\gii\generators\model\ModelCode.php (115)
in F:\Softs\Softs\Development\XAMPP\xampp\htdocs\yii\framework\gii\CCodeGenerator.php (155)
2010/11/29 21:26:06 [error] [exception.CHttpException.403] exception 'CHttpException' with message 'You are not authorized to perform this action.' in F:\Softs\Softs\Development\XAMPP\xampp\htdocs\yii\framework\web\auth\CAccessControlFilter.php:153
Stack trace:
#0 F:\Softs\Softs\Development\XAMPP\xampp\htdocs\yii\framework\web\auth\CAccessControlFilter.php(115): CAccessControlFilter->accessDenied(Object(CWebUser), 'You are not aut...')
#1 F:\Softs\Softs\Development\XAMPP\xampp\htdocs\yii\framework\web\filters\CFilter.php(39): CAccessControlFilter->preFilter(Object(CFilterChain))
#2 F:\Softs\Softs\Development\XAMPP\xampp\htdocs\yii\framework\web\CController.php(1084): CFilter->filter(Object(CFilterChain))
#3 F:\Softs\Softs\Development\XAMPP\xampp\htdocs\yii\framework\web\filters\CInlineFilter.php(59): CController->filterAccessControl(Object(CFilterChain))
#4 F:\Softs\Softs\Development\XAMPP\xampp\htdocs\yii\framework\web\filters\CFilterChain.php(130): CInlineFilter->filter(Object(CFilterChain))
#5 F:\Softs\Softs\Development\XAMPP\xampp\htdocs\yii\framework\web\CController.php(283): CFilterChain->run()
#6 F:\Softs\Softs\Development\XAMPP\xampp\htdocs\yii\framework\web\CController.php(257): CController->runActionWithFilters(Object(CInlineAction), Array)
#7 F:\Softs\Softs\Development\XAMPP\xampp\htdocs\yii\framework\web\CWebApplication.php(324): CController->run('admin')
#8 F:\Softs\Softs\Development\XAMPP\xampp\htdocs\yii\framework\web\CWebApplication.php(121): CWebApplication->runController('project/admin')
#9 F:\Softs\Softs\Development\XAMPP\xampp\htdocs\yii\framework\base\CApplication.php(135): CWebApplication->processRequest()
#10 F:\Softs\Softs\Development\XAMPP\xampp\htdocs\trackstar\index.php(13): CApplication->run()
#11 {main} REQUEST_URI=/trackstar/index.php?r=project/admin
2010/11/30 11:01:43 [error] [exception.CHttpException.400] exception 'CHttpException' with message 'Your request is invalid.' in E:\Softs\xampp-win32-1.7.3\xampp\htdocs\yii\framework\web\actions\CInlineAction.php:52
Stack trace:
#0 E:\Softs\xampp-win32-1.7.3\xampp\htdocs\yii\framework\web\CController.php(300): CInlineAction->run()
#1 E:\Softs\xampp-win32-1.7.3\xampp\htdocs\yii\framework\web\filters\CFilterChain.php(133): CController->runAction(Object(CInlineAction))
#2 E:\Softs\xampp-win32-1.7.3\xampp\htdocs\yii\framework\web\filters\CFilter.php(41): CFilterChain->run()
#3 E:\Softs\xampp-win32-1.7.3\xampp\htdocs\yii\framework\web\CController.php(1084): CFilter->filter(Object(CFilterChain))
#4 E:\Softs\xampp-win32-1.7.3\xampp\htdocs\yii\framework\web\filters\CInlineFilter.php(59): CController->filterAccessControl(Object(CFilterChain))
#5 E:\Softs\xampp-win32-1.7.3\xampp\htdocs\yii\framework\web\filters\CFilterChain.php(130): CInlineFilter->filter(Object(CFilterChain))
#6 E:\Softs\xampp-win32-1.7.3\xampp\htdocs\yii\framework\web\CController.php(283): CFilterChain->run()
#7 E:\Softs\xampp-win32-1.7.3\xampp\htdocs\yii\framework\web\CController.php(257): CController->runActionWithFilters(Object(CInlineAction), Array)
#8 E:\Softs\xampp-win32-1.7.3\xampp\htdocs\yii\framework\web\CWebApplication.php(324): CController->run('view')
#9 E:\Softs\xampp-win32-1.7.3\xampp\htdocs\yii\framework\web\CWebApplication.php(121): CWebApplication->runController('issue/view')
#10 E:\Softs\xampp-win32-1.7.3\xampp\htdocs\yii\framework\base\CApplication.php(135): CWebApplication->processRequest()
#11 E:\Softs\xampp-win32-1.7.3\xampp\htdocs\trackstar\index.php(13): CApplication->run()
#12 {main} REQUEST_URI=/trackstar/index.php?r=issue/view
2010/11/30 13:29:30 [error] [exception.CHttpException.404] exception 'CHttpException' with message 'The system is unable to find the requested action "list".' in E:\Softs\xampp-win32-1.7.3\xampp\htdocs\yii\framework\web\CController.php:444
Stack trace:
#0 E:\Softs\xampp-win32-1.7.3\xampp\htdocs\yii\framework\web\CController.php(262): CController->missingAction('list')
#1 E:\Softs\xampp-win32-1.7.3\xampp\htdocs\yii\framework\web\CWebApplication.php(324): CController->run('list')
#2 E:\Softs\xampp-win32-1.7.3\xampp\htdocs\yii\framework\web\CWebApplication.php(121): CWebApplication->runController('issue/list')
#3 E:\Softs\xampp-win32-1.7.3\xampp\htdocs\yii\framework\base\CApplication.php(135): CWebApplication->processRequest()
#4 E:\Softs\xampp-win32-1.7.3\xampp\htdocs\trackstar\index.php(13): CApplication->run()
#5 {main} REQUEST_URI=/trackstar/index.php?r=issue/list
2010/11/30 13:30:06 [error] [exception.CException] exception 'CException' with message 'Filter "filterProjectContext" is invalid. Controller "IssueController" does have the filter method "filterfilterProjectContext".' in E:\Softs\xampp-win32-1.7.3\xampp\htdocs\yii\framework\web\filters\CInlineFilter.php:47
Stack trace:
#0 E:\Softs\xampp-win32-1.7.3\xampp\htdocs\yii\framework\web\filters\CFilterChain.php(69): CInlineFilter::create(Object(IssueController), 'filterProjectCo...')
#1 E:\Softs\xampp-win32-1.7.3\xampp\htdocs\yii\framework\web\CController.php(283): CFilterChain::create(Object(IssueController), Object(CInlineAction), Array)
#2 E:\Softs\xampp-win32-1.7.3\xampp\htdocs\yii\framework\web\CController.php(257): CController->runActionWithFilters(Object(CInlineAction), Array)
#3 E:\Softs\xampp-win32-1.7.3\xampp\htdocs\yii\framework\web\CWebApplication.php(324): CController->run('create')
#4 E:\Softs\xampp-win32-1.7.3\xampp\htdocs\yii\framework\web\CWebApplication.php(121): CWebApplication->runController('issue/create')
#5 E:\Softs\xampp-win32-1.7.3\xampp\htdocs\yii\framework\base\CApplication.php(135): CWebApplication->processRequest()
#6 E:\Softs\xampp-win32-1.7.3\xampp\htdocs\trackstar\index.php(13): CApplication->run()
#7 {main} REQUEST_URI=/trackstar/index.php?r=issue/create
2010/11/30 13:30:32 [error] [exception.CException] exception 'CException' with message 'Filter "filterProjectContext" is invalid. Controller "IssueController" does have the filter method "filterfilterProjectContext".' in E:\Softs\xampp-win32-1.7.3\xampp\htdocs\yii\framework\web\filters\CInlineFilter.php:47
Stack trace:
#0 E:\Softs\xampp-win32-1.7.3\xampp\htdocs\yii\framework\web\filters\CFilterChain.php(69): CInlineFilter::create(Object(IssueController), 'filterProjectCo...')
#1 E:\Softs\xampp-win32-1.7.3\xampp\htdocs\yii\framework\web\CController.php(283): CFilterChain::create(Object(IssueController), Object(CInlineAction), Array)
#2 E:\Softs\xampp-win32-1.7.3\xampp\htdocs\yii\framework\web\CController.php(257): CController->runActionWithFilters(Object(CInlineAction), Array)
#3 E:\Softs\xampp-win32-1.7.3\xampp\htdocs\yii\framework\web\CWebApplication.php(324): CController->run('create')
#4 E:\Softs\xampp-win32-1.7.3\xampp\htdocs\yii\framework\web\CWebApplication.php(121): CWebApplication->runController('issue/create')
#5 E:\Softs\xampp-win32-1.7.3\xampp\htdocs\yii\framework\base\CApplication.php(135): CWebApplication->processRequest()
#6 E:\Softs\xampp-win32-1.7.3\xampp\htdocs\trackstar\index.php(13): CApplication->run()
#7 {main} REQUEST_URI=/trackstar/index.php?r=issue/create
2010/11/30 13:31:29 [error] [exception.CHttpException.404] exception 'CHttpException' with message 'The required project does not exist' in E:\Softs\xampp-win32-1.7.3\xampp\htdocs\trackstar\protected\controllers\IssueController.php:10
Stack trace:
#0 E:\Softs\xampp-win32-1.7.3\xampp\htdocs\trackstar\protected\controllers\IssueController.php(42): IssueController->loadProject(NULL)
#1 E:\Softs\xampp-win32-1.7.3\xampp\htdocs\yii\framework\web\filters\CInlineFilter.php(59): IssueController->filterProjectContext(Object(CFilterChain))
#2 E:\Softs\xampp-win32-1.7.3\xampp\htdocs\yii\framework\web\filters\CFilterChain.php(130): CInlineFilter->filter(Object(CFilterChain))
#3 E:\Softs\xampp-win32-1.7.3\xampp\htdocs\yii\framework\web\filters\CFilter.php(41): CFilterChain->run()
#4 E:\Softs\xampp-win32-1.7.3\xampp\htdocs\yii\framework\web\CController.php(1084): CFilter->filter(Object(CFilterChain))
#5 E:\Softs\xampp-win32-1.7.3\xampp\htdocs\yii\framework\web\filters\CInlineFilter.php(59): CController->filterAccessControl(Object(CFilterChain))
#6 E:\Softs\xampp-win32-1.7.3\xampp\htdocs\yii\framework\web\filters\CFilterChain.php(130): CInlineFilter->filter(Object(CFilterChain))
#7 E:\Softs\xampp-win32-1.7.3\xampp\htdocs\yii\framework\web\CController.php(283): CFilterChain->run()
#8 E:\Softs\xampp-win32-1.7.3\xampp\htdocs\yii\framework\web\CController.php(257): CController->runActionWithFilters(Object(CInlineAction), Array)
#9 E:\Softs\xampp-win32-1.7.3\xampp\htdocs\yii\framework\web\CWebApplication.php(324): CController->run('create')
#10 E:\Softs\xampp-win32-1.7.3\xampp\htdocs\yii\framework\web\CWebApplication.php(121): CWebApplication->runController('issue/create')
#11 E:\Softs\xampp-win32-1.7.3\xampp\htdocs\yii\framework\base\CApplication.php(135): CWebApplication->processRequest()
#12 E:\Softs\xampp-win32-1.7.3\xampp\htdocs\trackstar\index.php(13): CApplication->run()
#13 {main} REQUEST_URI=/trackstar/index.php?r=issue/create
2010/11/30 13:35:02 [error] [exception.CHttpException.404] exception 'CHttpException' with message 'The required project does not exist' in E:\Softs\xampp-win32-1.7.3\xampp\htdocs\trackstar\protected\controllers\IssueController.php:16
Stack trace:
#0 E:\Softs\xampp-win32-1.7.3\xampp\htdocs\trackstar\protected\controllers\IssueController.php(50): IssueController->loadProject(NULL)
#1 E:\Softs\xampp-win32-1.7.3\xampp\htdocs\yii\framework\web\filters\CInlineFilter.php(59): IssueController->filterProjectContext(Object(CFilterChain))
#2 E:\Softs\xampp-win32-1.7.3\xampp\htdocs\yii\framework\web\filters\CFilterChain.php(130): CInlineFilter->filter(Object(CFilterChain))
#3 E:\Softs\xampp-win32-1.7.3\xampp\htdocs\yii\framework\web\filters\CFilter.php(41): CFilterChain->run()
#4 E:\Softs\xampp-win32-1.7.3\xampp\htdocs\yii\framework\web\CController.php(1084): CFilter->filter(Object(CFilterChain))
#5 E:\Softs\xampp-win32-1.7.3\xampp\htdocs\yii\framework\web\filters\CInlineFilter.php(59): CController->filterAccessControl(Object(CFilterChain))
#6 E:\Softs\xampp-win32-1.7.3\xampp\htdocs\yii\framework\web\filters\CFilterChain.php(130): CInlineFilter->filter(Object(CFilterChain))
#7 E:\Softs\xampp-win32-1.7.3\xampp\htdocs\yii\framework\web\CController.php(283): CFilterChain->run()
#8 E:\Softs\xampp-win32-1.7.3\xampp\htdocs\yii\framework\web\CController.php(257): CController->runActionWithFilters(Object(CInlineAction), Array)
#9 E:\Softs\xampp-win32-1.7.3\xampp\htdocs\yii\framework\web\CWebApplication.php(324): CController->run('create')
#10 E:\Softs\xampp-win32-1.7.3\xampp\htdocs\yii\framework\web\CWebApplication.php(121): CWebApplication->runController('issue/create')
#11 E:\Softs\xampp-win32-1.7.3\xampp\htdocs\yii\framework\base\CApplication.php(135): CWebApplication->processRequest()
#12 E:\Softs\xampp-win32-1.7.3\xampp\htdocs\trackstar\index.php(13): CApplication->run()
#13 {main} REQUEST_URI=/trackstar/index.php?r=issue/create
2010/11/30 13:36:00 [error] [exception.CException] exception 'CException' with message 'Property "Project.create_time" is not defined.' in E:\Softs\xampp-win32-1.7.3\xampp\htdocs\yii\framework\base\CComponent.php:131
Stack trace:
#0 E:\Softs\xampp-win32-1.7.3\xampp\htdocs\yii\framework\db\ar\CActiveRecord.php(110): CComponent->__get('create_time')
#1 E:\Softs\xampp-win32-1.7.3\xampp\htdocs\yii\framework\web\helpers\CHtml.php(2006): CActiveRecord->__get('create_time')
#2 E:\Softs\xampp-win32-1.7.3\xampp\htdocs\yii\framework\web\helpers\CHtml.php(1748): CHtml::resolveValue(Object(Project), 'create_time')
#3 E:\Softs\xampp-win32-1.7.3\xampp\htdocs\yii\framework\web\helpers\CHtml.php(1183): CHtml::activeInputField('text', Object(Project), 'create_time', Array)
#4 E:\Softs\xampp-win32-1.7.3\xampp\htdocs\yii\framework\web\widgets\CActiveForm.php(479): CHtml::activeTextField(Object(Project), 'create_time', Array)
#5 E:\Softs\xampp-win32-1.7.3\xampp\htdocs\trackstar\protected\views\project\_search.php(25): CActiveForm->textField(Object(Project), 'create_time')
#6 E:\Softs\xampp-win32-1.7.3\xampp\htdocs\yii\framework\web\CBaseController.php(119): require('E:\Softs\xampp-...')
#7 E:\Softs\xampp-win32-1.7.3\xampp\htdocs\yii\framework\web\CBaseController.php(88): CBaseController->renderInternal('E:\Softs\xampp-...', Array, true)
#8 E:\Softs\xampp-win32-1.7.3\xampp\htdocs\yii\framework\web\CController.php(833): CBaseController->renderFile('E:\Softs\xampp-...', Array, true)
#9 E:\Softs\xampp-win32-1.7.3\xampp\htdocs\trackstar\protected\views\project\admin.php(37): CController->renderPartial('_search', Array)
#10 E:\Softs\xampp-win32-1.7.3\xampp\htdocs\yii\framework\web\CBaseController.php(119): require('E:\Softs\xampp-...')
#11 E:\Softs\xampp-win32-1.7.3\xampp\htdocs\yii\framework\web\CBaseController.php(88): CBaseController->renderInternal('E:\Softs\xampp-...', Array, true)
#12 E:\Softs\xampp-win32-1.7.3\xampp\htdocs\yii\framework\web\CController.php(833): CBaseController->renderFile('E:\Softs\xampp-...', Array, true)
#13 E:\Softs\xampp-win32-1.7.3\xampp\htdocs\yii\framework\web\CController.php(746): CController->renderPartial('admin', Array, true)
#14 E:\Softs\xampp-win32-1.7.3\xampp\htdocs\trackstar\protected\controllers\ProjectController.php(148): CController->render('admin', Array)
#15 E:\Softs\xampp-win32-1.7.3\xampp\htdocs\yii\framework\web\actions\CInlineAction.php(57): ProjectController->actionAdmin()
#16 E:\Softs\xampp-win32-1.7.3\xampp\htdocs\yii\framework\web\CController.php(300): CInlineAction->run()
#17 E:\Softs\xampp-win32-1.7.3\xampp\htdocs\yii\framework\web\filters\CFilterChain.php(133): CController->runAction(Object(CInlineAction))
#18 E:\Softs\xampp-win32-1.7.3\xampp\htdocs\yii\framework\web\filters\CFilter.php(41): CFilterChain->run()
#19 E:\Softs\xampp-win32-1.7.3\xampp\htdocs\yii\framework\web\CController.php(1084): CFilter->filter(Object(CFilterChain))
#20 E:\Softs\xampp-win32-1.7.3\xampp\htdocs\yii\framework\web\filters\CInlineFilter.php(59): CController->filterAccessControl(Object(CFilterChain))
#21 E:\Softs\xampp-win32-1.7.3\xampp\htdocs\yii\framework\web\filters\CFilterChain.php(130): CInlineFilter->filter(Object(CFilterChain))
#22 E:\Softs\xampp-win32-1.7.3\xampp\htdocs\yii\framework\web\CController.php(283): CFilterChain->run()
#23 E:\Softs\xampp-win32-1.7.3\xampp\htdocs\yii\framework\web\CController.php(257): CController->runActionWithFilters(Object(CInlineAction), Array)
#24 E:\Softs\xampp-win32-1.7.3\xampp\htdocs\yii\framework\web\CWebApplication.php(324): CController->run('admin')
#25 E:\Softs\xampp-win32-1.7.3\xampp\htdocs\yii\framework\web\CWebApplication.php(121): CWebApplication->runController('project/admin')
#26 E:\Softs\xampp-win32-1.7.3\xampp\htdocs\yii\framework\base\CApplication.php(135): CWebApplication->processRequest()
#27 E:\Softs\xampp-win32-1.7.3\xampp\htdocs\trackstar\index.php(13): CApplication->run()
#28 {main} REQUEST_URI=/trackstar/index.php?r=project/admin
2010/11/30 13:36:42 [error] [exception.CException] exception 'CException' with message 'Property "Project.create_time" is not defined.' in E:\Softs\xampp-win32-1.7.3\xampp\htdocs\yii\framework\base\CComponent.php:131
Stack trace:
#0 E:\Softs\xampp-win32-1.7.3\xampp\htdocs\yii\framework\db\ar\CActiveRecord.php(110): CComponent->__get('create_time')
#1 E:\Softs\xampp-win32-1.7.3\xampp\htdocs\yii\framework\web\helpers\CHtml.php(2006): CActiveRecord->__get('create_time')
#2 E:\Softs\xampp-win32-1.7.3\xampp\htdocs\yii\framework\web\helpers\CHtml.php(1748): CHtml::resolveValue(Object(Project), 'create_time')
#3 E:\Softs\xampp-win32-1.7.3\xampp\htdocs\yii\framework\web\helpers\CHtml.php(1183): CHtml::activeInputField('text', Object(Project), 'create_time', Array)
#4 E:\Softs\xampp-win32-1.7.3\xampp\htdocs\yii\framework\web\widgets\CActiveForm.php(479): CHtml::activeTextField(Object(Project), 'create_time', Array)
#5 E:\Softs\xampp-win32-1.7.3\xampp\htdocs\trackstar\protected\views\project\_form.php(26): CActiveForm->textField(Object(Project), 'create_time')
#6 E:\Softs\xampp-win32-1.7.3\xampp\htdocs\yii\framework\web\CBaseController.php(119): require('E:\Softs\xampp-...')
#7 E:\Softs\xampp-win32-1.7.3\xampp\htdocs\yii\framework\web\CBaseController.php(88): CBaseController->renderInternal('E:\Softs\xampp-...', Array, true)
#8 E:\Softs\xampp-win32-1.7.3\xampp\htdocs\yii\framework\web\CController.php(833): CBaseController->renderFile('E:\Softs\xampp-...', Array, true)
#9 E:\Softs\xampp-win32-1.7.3\xampp\htdocs\trackstar\protected\views\project\create.php(15): CController->renderPartial('_form', Array)
#10 E:\Softs\xampp-win32-1.7.3\xampp\htdocs\yii\framework\web\CBaseController.php(119): require('E:\Softs\xampp-...')
#11 E:\Softs\xampp-win32-1.7.3\xampp\htdocs\yii\framework\web\CBaseController.php(88): CBaseController->renderInternal('E:\Softs\xampp-...', Array, true)
#12 E:\Softs\xampp-win32-1.7.3\xampp\htdocs\yii\framework\web\CController.php(833): CBaseController->renderFile('E:\Softs\xampp-...', Array, true)
#13 E:\Softs\xampp-win32-1.7.3\xampp\htdocs\yii\framework\web\CController.php(746): CController->renderPartial('create', Array, true)
#14 E:\Softs\xampp-win32-1.7.3\xampp\htdocs\trackstar\protected\controllers\ProjectController.php(78): CController->render('create', Array)
#15 E:\Softs\xampp-win32-1.7.3\xampp\htdocs\yii\framework\web\actions\CInlineAction.php(57): ProjectController->actionCreate()
#16 E:\Softs\xampp-win32-1.7.3\xampp\htdocs\yii\framework\web\CController.php(300): CInlineAction->run()
#17 E:\Softs\xampp-win32-1.7.3\xampp\htdocs\yii\framework\web\filters\CFilterChain.php(133): CController->runAction(Object(CInlineAction))
#18 E:\Softs\xampp-win32-1.7.3\xampp\htdocs\yii\framework\web\filters\CFilter.php(41): CFilterChain->run()
#19 E:\Softs\xampp-win32-1.7.3\xampp\htdocs\yii\framework\web\CController.php(1084): CFilter->filter(Object(CFilterChain))
#20 E:\Softs\xampp-win32-1.7.3\xampp\htdocs\yii\framework\web\filters\CInlineFilter.php(59): CController->filterAccessControl(Object(CFilterChain))
#21 E:\Softs\xampp-win32-1.7.3\xampp\htdocs\yii\framework\web\filters\CFilterChain.php(130): CInlineFilter->filter(Object(CFilterChain))
#22 E:\Softs\xampp-win32-1.7.3\xampp\htdocs\yii\framework\web\CController.php(283): CFilterChain->run()
#23 E:\Softs\xampp-win32-1.7.3\xampp\htdocs\yii\framework\web\CController.php(257): CController->runActionWithFilters(Object(CInlineAction), Array)
#24 E:\Softs\xampp-win32-1.7.3\xampp\htdocs\yii\framework\web\CWebApplication.php(324): CController->run('create')
#25 E:\Softs\xampp-win32-1.7.3\xampp\htdocs\yii\framework\web\CWebApplication.php(121): CWebApplication->runController('project/create')
#26 E:\Softs\xampp-win32-1.7.3\xampp\htdocs\yii\framework\base\CApplication.php(135): CWebApplication->processRequest()
#27 E:\Softs\xampp-win32-1.7.3\xampp\htdocs\trackstar\index.php(13): CApplication->run()
#28 {main} REQUEST_URI=/trackstar/index.php?r=project/create
2010/11/30 13:42:30 [error] [exception.CHttpException.404] exception 'CHttpException' with message 'The system is unable to find the requested action "craete?pid=1".' in E:\Softs\xampp-win32-1.7.3\xampp\htdocs\yii\framework\web\CController.php:444
Stack trace:
#0 E:\Softs\xampp-win32-1.7.3\xampp\htdocs\yii\framework\web\CController.php(262): CController->missingAction('craete?pid=1')
#1 E:\Softs\xampp-win32-1.7.3\xampp\htdocs\yii\framework\web\CWebApplication.php(324): CController->run('craete?pid=1')
#2 E:\Softs\xampp-win32-1.7.3\xampp\htdocs\yii\framework\web\CWebApplication.php(121): CWebApplication->runController('issue/craete?pi...')
#3 E:\Softs\xampp-win32-1.7.3\xampp\htdocs\yii\framework\base\CApplication.php(135): CWebApplication->processRequest()
#4 E:\Softs\xampp-win32-1.7.3\xampp\htdocs\trackstar\index.php(13): CApplication->run()
#5 {main} REQUEST_URI=/trackstar/index.php?r=issue/craete?pid=1
2010/11/30 13:42:36 [error] [exception.CHttpException.404] exception 'CHttpException' with message 'The system is unable to find the requested action "craete".' in E:\Softs\xampp-win32-1.7.3\xampp\htdocs\yii\framework\web\CController.php:444
Stack trace:
#0 E:\Softs\xampp-win32-1.7.3\xampp\htdocs\yii\framework\web\CController.php(262): CController->missingAction('craete')
#1 E:\Softs\xampp-win32-1.7.3\xampp\htdocs\yii\framework\web\CWebApplication.php(324): CController->run('craete')
#2 E:\Softs\xampp-win32-1.7.3\xampp\htdocs\yii\framework\web\CWebApplication.php(121): CWebApplication->runController('issue/craete')
#3 E:\Softs\xampp-win32-1.7.3\xampp\htdocs\yii\framework\base\CApplication.php(135): CWebApplication->processRequest()
#4 E:\Softs\xampp-win32-1.7.3\xampp\htdocs\trackstar\index.php(13): CApplication->run()
#5 {main} REQUEST_URI=/trackstar/index.php?r=issue/craete&pid=1
2010/11/30 13:43:05 [error] [exception.CHttpException.404] exception 'CHttpException' with message 'The system is unable to find the requested action "craete".' in E:\Softs\xampp-win32-1.7.3\xampp\htdocs\yii\framework\web\CController.php:444
Stack trace:
#0 E:\Softs\xampp-win32-1.7.3\xampp\htdocs\yii\framework\web\CController.php(262): CController->missingAction('craete')
#1 E:\Softs\xampp-win32-1.7.3\xampp\htdocs\yii\framework\web\CWebApplication.php(324): CController->run('craete')
#2 E:\Softs\xampp-win32-1.7.3\xampp\htdocs\yii\framework\web\CWebApplication.php(121): CWebApplication->runController('issue/craete')
#3 E:\Softs\xampp-win32-1.7.3\xampp\htdocs\yii\framework\base\CApplication.php(135): CWebApplication->processRequest()
#4 E:\Softs\xampp-win32-1.7.3\xampp\htdocs\trackstar\index.php(13): CApplication->run()
#5 {main} REQUEST_URI=/trackstar/index.php?r=issue/craete&pid=1
2010/11/30 13:45:41 [error] [exception.CHttpException.400] exception 'CHttpException' with message 'Your request is invalid.' in E:\Softs\xampp-win32-1.7.3\xampp\htdocs\yii\framework\web\actions\CInlineAction.php:52
Stack trace:
#0 E:\Softs\xampp-win32-1.7.3\xampp\htdocs\yii\framework\web\CController.php(300): CInlineAction->run()
#1 E:\Softs\xampp-win32-1.7.3\xampp\htdocs\yii\framework\web\filters\CFilterChain.php(133): CController->runAction(Object(CInlineAction))
#2 E:\Softs\xampp-win32-1.7.3\xampp\htdocs\yii\framework\web\filters\CFilter.php(41): CFilterChain->run()
#3 E:\Softs\xampp-win32-1.7.3\xampp\htdocs\yii\framework\web\CController.php(1084): CFilter->filter(Object(CFilterChain))
#4 E:\Softs\xampp-win32-1.7.3\xampp\htdocs\yii\framework\web\filters\CInlineFilter.php(59): CController->filterAccessControl(Object(CFilterChain))
#5 E:\Softs\xampp-win32-1.7.3\xampp\htdocs\yii\framework\web\filters\CFilterChain.php(130): CInlineFilter->filter(Object(CFilterChain))
#6 E:\Softs\xampp-win32-1.7.3\xampp\htdocs\yii\framework\web\CController.php(283): CFilterChain->run()
#7 E:\Softs\xampp-win32-1.7.3\xampp\htdocs\yii\framework\web\CController.php(257): CController->runActionWithFilters(Object(CInlineAction), Array)
#8 E:\Softs\xampp-win32-1.7.3\xampp\htdocs\yii\framework\web\CWebApplication.php(324): CController->run('view')
#9 E:\Softs\xampp-win32-1.7.3\xampp\htdocs\yii\framework\web\CWebApplication.php(121): CWebApplication->runController('project/view')
#10 E:\Softs\xampp-win32-1.7.3\xampp\htdocs\yii\framework\base\CApplication.php(135): CWebApplication->processRequest()
#11 E:\Softs\xampp-win32-1.7.3\xampp\htdocs\trackstar\index.php(13): CApplication->run()
#12 {main} REQUEST_URI=/trackstar/index.php?r=project/view
2010/11/30 18:25:11 [error] [php] Missing argument 1 for ProjectController::loadModel(), called in F:\Softs\Softs\Development\XAMPP\xampp\htdocs\trackstar\protected\controllers\ProjectController.php on line 56 and defined (F:\Softs\Softs\Development\XAMPP\xampp\htdocs\trackstar\protected\controllers\ProjectController.php:165)
Stack trace:
#0 F:\Softs\Softs\Development\XAMPP\xampp\htdocs\yii\framework\web\CController.php(300): CInlineAction->run()
#1 F:\Softs\Softs\Development\XAMPP\xampp\htdocs\yii\framework\web\filters\CFilterChain.php(133): ProjectController->runAction()
#2 F:\Softs\Softs\Development\XAMPP\xampp\htdocs\yii\framework\web\filters\CFilter.php(41): CFilterChain->run()
#3 F:\Softs\Softs\Development\XAMPP\xampp\htdocs\yii\framework\web\CController.php(1084): CAccessControlFilter->filter()
#4 F:\Softs\Softs\Development\XAMPP\xampp\htdocs\yii\framework\web\filters\CInlineFilter.php(59): ProjectController->filterAccessControl()
#5 F:\Softs\Softs\Development\XAMPP\xampp\htdocs\yii\framework\web\filters\CFilterChain.php(130): CInlineFilter->filter()
#6 F:\Softs\Softs\Development\XAMPP\xampp\htdocs\yii\framework\web\CController.php(283): CFilterChain->run()
#7 F:\Softs\Softs\Development\XAMPP\xampp\htdocs\yii\framework\web\CController.php(257): ProjectController->runActionWithFilters()
#8 F:\Softs\Softs\Development\XAMPP\xampp\htdocs\yii\framework\web\CWebApplication.php(324): ProjectController->run()
#9 F:\Softs\Softs\Development\XAMPP\xampp\htdocs\yii\framework\web\CWebApplication.php(121): CWebApplication->runController()
#10 F:\Softs\Softs\Development\XAMPP\xampp\htdocs\yii\framework\base\CApplication.php(135): CWebApplication->processRequest()
#11 F:\Softs\Softs\Development\XAMPP\xampp\htdocs\trackstar\index.php(13): CWebApplication->run()
REQUEST_URI=/trackstar/index.php?r=project/view&id=1
in F:\Softs\Softs\Development\XAMPP\xampp\htdocs\trackstar\protected\controllers\ProjectController.php (165)
in F:\Softs\Softs\Development\XAMPP\xampp\htdocs\trackstar\protected\controllers\ProjectController.php (56)
in F:\Softs\Softs\Development\XAMPP\xampp\htdocs\trackstar\index.php (13)
2010/11/30 18:26:18 [error] [php] Missing argument 1 for ProjectController::loadModel(), called in F:\Softs\Softs\Development\XAMPP\xampp\htdocs\trackstar\protected\controllers\ProjectController.php on line 53 and defined (F:\Softs\Softs\Development\XAMPP\xampp\htdocs\trackstar\protected\controllers\ProjectController.php:155)
Stack trace:
#0 F:\Softs\Softs\Development\XAMPP\xampp\htdocs\yii\framework\web\CController.php(300): CInlineAction->run()
#1 F:\Softs\Softs\Development\XAMPP\xampp\htdocs\yii\framework\web\filters\CFilterChain.php(133): ProjectController->runAction()
#2 F:\Softs\Softs\Development\XAMPP\xampp\htdocs\yii\framework\web\filters\CFilter.php(41): CFilterChain->run()
#3 F:\Softs\Softs\Development\XAMPP\xampp\htdocs\yii\framework\web\CController.php(1084): CAccessControlFilter->filter()
#4 F:\Softs\Softs\Development\XAMPP\xampp\htdocs\yii\framework\web\filters\CInlineFilter.php(59): ProjectController->filterAccessControl()
#5 F:\Softs\Softs\Development\XAMPP\xampp\htdocs\yii\framework\web\filters\CFilterChain.php(130): CInlineFilter->filter()
#6 F:\Softs\Softs\Development\XAMPP\xampp\htdocs\yii\framework\web\CController.php(283): CFilterChain->run()
#7 F:\Softs\Softs\Development\XAMPP\xampp\htdocs\yii\framework\web\CController.php(257): ProjectController->runActionWithFilters()
#8 F:\Softs\Softs\Development\XAMPP\xampp\htdocs\yii\framework\web\CWebApplication.php(324): ProjectController->run()
#9 F:\Softs\Softs\Development\XAMPP\xampp\htdocs\yii\framework\web\CWebApplication.php(121): CWebApplication->runController()
#10 F:\Softs\Softs\Development\XAMPP\xampp\htdocs\yii\framework\base\CApplication.php(135): CWebApplication->processRequest()
#11 F:\Softs\Softs\Development\XAMPP\xampp\htdocs\trackstar\index.php(13): CWebApplication->run()
REQUEST_URI=/trackstar/index.php?r=project/view&id=1
in F:\Softs\Softs\Development\XAMPP\xampp\htdocs\trackstar\protected\controllers\ProjectController.php (155)
in F:\Softs\Softs\Development\XAMPP\xampp\htdocs\trackstar\protected\controllers\ProjectController.php (53)
in F:\Softs\Softs\Development\XAMPP\xampp\htdocs\trackstar\index.php (13)
2010/11/30 18:26:19 [error] [php] Missing argument 1 for ProjectController::loadModel(), called in F:\Softs\Softs\Development\XAMPP\xampp\htdocs\trackstar\protected\controllers\ProjectController.php on line 53 and defined (F:\Softs\Softs\Development\XAMPP\xampp\htdocs\trackstar\protected\controllers\ProjectController.php:155)
Stack trace:
#0 F:\Softs\Softs\Development\XAMPP\xampp\htdocs\yii\framework\web\CController.php(300): CInlineAction->run()
#1 F:\Softs\Softs\Development\XAMPP\xampp\htdocs\yii\framework\web\filters\CFilterChain.php(133): ProjectController->runAction()
#2 F:\Softs\Softs\Development\XAMPP\xampp\htdocs\yii\framework\web\filters\CFilter.php(41): CFilterChain->run()
#3 F:\Softs\Softs\Development\XAMPP\xampp\htdocs\yii\framework\web\CController.php(1084): CAccessControlFilter->filter()
#4 F:\Softs\Softs\Development\XAMPP\xampp\htdocs\yii\framework\web\filters\CInlineFilter.php(59): ProjectController->filterAccessControl()
#5 F:\Softs\Softs\Development\XAMPP\xampp\htdocs\yii\framework\web\filters\CFilterChain.php(130): CInlineFilter->filter()
#6 F:\Softs\Softs\Development\XAMPP\xampp\htdocs\yii\framework\web\CController.php(283): CFilterChain->run()
#7 F:\Softs\Softs\Development\XAMPP\xampp\htdocs\yii\framework\web\CController.php(257): ProjectController->runActionWithFilters()
#8 F:\Softs\Softs\Development\XAMPP\xampp\htdocs\yii\framework\web\CWebApplication.php(324): ProjectController->run()
#9 F:\Softs\Softs\Development\XAMPP\xampp\htdocs\yii\framework\web\CWebApplication.php(121): CWebApplication->runController()
#10 F:\Softs\Softs\Development\XAMPP\xampp\htdocs\yii\framework\base\CApplication.php(135): CWebApplication->processRequest()
#11 F:\Softs\Softs\Development\XAMPP\xampp\htdocs\trackstar\index.php(13): CWebApplication->run()
REQUEST_URI=/trackstar/index.php?r=project/view&id=1
in F:\Softs\Softs\Development\XAMPP\xampp\htdocs\trackstar\protected\controllers\ProjectController.php (155)
in F:\Softs\Softs\Development\XAMPP\xampp\htdocs\trackstar\protected\controllers\ProjectController.php (53)
in F:\Softs\Softs\Development\XAMPP\xampp\htdocs\trackstar\index.php (13)
2010/11/30 18:32:34 [error] [exception.CHttpException.404] exception 'CHttpException' with message 'The requested page does not exist.' in F:\Softs\Softs\Development\XAMPP\xampp\htdocs\trackstar\protected\controllers\ProjectController.php:149
Stack trace:
#0 F:\Softs\Softs\Development\XAMPP\xampp\htdocs\trackstar\protected\controllers\ProjectController.php(51): ProjectController->loadModel(NULL)
#1 F:\Softs\Softs\Development\XAMPP\xampp\htdocs\yii\framework\web\actions\CInlineAction.php(57): ProjectController->actionView()
#2 F:\Softs\Softs\Development\XAMPP\xampp\htdocs\yii\framework\web\CController.php(300): CInlineAction->run()
#3 F:\Softs\Softs\Development\XAMPP\xampp\htdocs\yii\framework\web\filters\CFilterChain.php(133): CController->runAction(Object(CInlineAction))
#4 F:\Softs\Softs\Development\XAMPP\xampp\htdocs\yii\framework\web\filters\CFilter.php(41): CFilterChain->run()
#5 F:\Softs\Softs\Development\XAMPP\xampp\htdocs\yii\framework\web\CController.php(1084): CFilter->filter(Object(CFilterChain))
#6 F:\Softs\Softs\Development\XAMPP\xampp\htdocs\yii\framework\web\filters\CInlineFilter.php(59): CController->filterAccessControl(Object(CFilterChain))
#7 F:\Softs\Softs\Development\XAMPP\xampp\htdocs\yii\framework\web\filters\CFilterChain.php(130): CInlineFilter->filter(Object(CFilterChain))
#8 F:\Softs\Softs\Development\XAMPP\xampp\htdocs\yii\framework\web\CController.php(283): CFilterChain->run()
#9 F:\Softs\Softs\Development\XAMPP\xampp\htdocs\yii\framework\web\CController.php(257): CController->runActionWithFilters(Object(CInlineAction), Array)
#10 F:\Softs\Softs\Development\XAMPP\xampp\htdocs\yii\framework\web\CWebApplication.php(324): CController->run('view')
#11 F:\Softs\Softs\Development\XAMPP\xampp\htdocs\yii\framework\web\CWebApplication.php(121): CWebApplication->runController('project/view')
#12 F:\Softs\Softs\Development\XAMPP\xampp\htdocs\yii\framework\base\CApplication.php(135): CWebApplication->processRequest()
#13 F:\Softs\Softs\Development\XAMPP\xampp\htdocs\trackstar\index.php(13): CApplication->run()
#14 {main} REQUEST_URI=/trackstar/index.php?r=project/view&id=1
2010/11/30 18:32:36 [error] [exception.CHttpException.404] exception 'CHttpException' with message 'The requested page does not exist.' in F:\Softs\Softs\Development\XAMPP\xampp\htdocs\trackstar\protected\controllers\ProjectController.php:149
Stack trace:
#0 F:\Softs\Softs\Development\XAMPP\xampp\htdocs\trackstar\protected\controllers\ProjectController.php(51): ProjectController->loadModel(NULL)
#1 F:\Softs\Softs\Development\XAMPP\xampp\htdocs\yii\framework\web\actions\CInlineAction.php(57): ProjectController->actionView()
#2 F:\Softs\Softs\Development\XAMPP\xampp\htdocs\yii\framework\web\CController.php(300): CInlineAction->run()
#3 F:\Softs\Softs\Development\XAMPP\xampp\htdocs\yii\framework\web\filters\CFilterChain.php(133): CController->runAction(Object(CInlineAction))
#4 F:\Softs\Softs\Development\XAMPP\xampp\htdocs\yii\framework\web\filters\CFilter.php(41): CFilterChain->run()
#5 F:\Softs\Softs\Development\XAMPP\xampp\htdocs\yii\framework\web\CController.php(1084): CFilter->filter(Object(CFilterChain))
#6 F:\Softs\Softs\Development\XAMPP\xampp\htdocs\yii\framework\web\filters\CInlineFilter.php(59): CController->filterAccessControl(Object(CFilterChain))
#7 F:\Softs\Softs\Development\XAMPP\xampp\htdocs\yii\framework\web\filters\CFilterChain.php(130): CInlineFilter->filter(Object(CFilterChain))
#8 F:\Softs\Softs\Development\XAMPP\xampp\htdocs\yii\framework\web\CController.php(283): CFilterChain->run()
#9 F:\Softs\Softs\Development\XAMPP\xampp\htdocs\yii\framework\web\CController.php(257): CController->runActionWithFilters(Object(CInlineAction), Array)
#10 F:\Softs\Softs\Development\XAMPP\xampp\htdocs\yii\framework\web\CWebApplication.php(324): CController->run('view')
#11 F:\Softs\Softs\Development\XAMPP\xampp\htdocs\yii\framework\web\CWebApplication.php(121): CWebApplication->runController('project/view')
#12 F:\Softs\Softs\Development\XAMPP\xampp\htdocs\yii\framework\base\CApplication.php(135): CWebApplication->processRequest()
#13 F:\Softs\Softs\Development\XAMPP\xampp\htdocs\trackstar\index.php(13): CApplication->run()
#14 {main} REQUEST_URI=/trackstar/index.php?r=project/view&id=1
2010/11/30 18:32:36 [error] [exception.CHttpException.404] exception 'CHttpException' with message 'The requested page does not exist.' in F:\Softs\Softs\Development\XAMPP\xampp\htdocs\trackstar\protected\controllers\ProjectController.php:149
Stack trace:
#0 F:\Softs\Softs\Development\XAMPP\xampp\htdocs\trackstar\protected\controllers\ProjectController.php(51): ProjectController->loadModel(NULL)
#1 F:\Softs\Softs\Development\XAMPP\xampp\htdocs\yii\framework\web\actions\CInlineAction.php(57): ProjectController->actionView()
#2 F:\Softs\Softs\Development\XAMPP\xampp\htdocs\yii\framework\web\CController.php(300): CInlineAction->run()
#3 F:\Softs\Softs\Development\XAMPP\xampp\htdocs\yii\framework\web\filters\CFilterChain.php(133): CController->runAction(Object(CInlineAction))
#4 F:\Softs\Softs\Development\XAMPP\xampp\htdocs\yii\framework\web\filters\CFilter.php(41): CFilterChain->run()
#5 F:\Softs\Softs\Development\XAMPP\xampp\htdocs\yii\framework\web\CController.php(1084): CFilter->filter(Object(CFilterChain))
#6 F:\Softs\Softs\Development\XAMPP\xampp\htdocs\yii\framework\web\filters\CInlineFilter.php(59): CController->filterAccessControl(Object(CFilterChain))
#7 F:\Softs\Softs\Development\XAMPP\xampp\htdocs\yii\framework\web\filters\CFilterChain.php(130): CInlineFilter->filter(Object(CFilterChain))
#8 F:\Softs\Softs\Development\XAMPP\xampp\htdocs\yii\framework\web\CController.php(283): CFilterChain->run()
#9 F:\Softs\Softs\Development\XAMPP\xampp\htdocs\yii\framework\web\CController.php(257): CController->runActionWithFilters(Object(CInlineAction), Array)
#10 F:\Softs\Softs\Development\XAMPP\xampp\htdocs\yii\framework\web\CWebApplication.php(324): CController->run('view')
#11 F:\Softs\Softs\Development\XAMPP\xampp\htdocs\yii\framework\web\CWebApplication.php(121): CWebApplication->runController('project/view')
#12 F:\Softs\Softs\Development\XAMPP\xampp\htdocs\yii\framework\base\CApplication.php(135): CWebApplication->processRequest()
#13 F:\Softs\Softs\Development\XAMPP\xampp\htdocs\trackstar\index.php(13): CApplication->run()
#14 {main} REQUEST_URI=/trackstar/index.php?r=project/view&id=1
2010/11/30 18:32:36 [error] [exception.CHttpException.404] exception 'CHttpException' with message 'The requested page does not exist.' in F:\Softs\Softs\Development\XAMPP\xampp\htdocs\trackstar\protected\controllers\ProjectController.php:149
Stack trace:
#0 F:\Softs\Softs\Development\XAMPP\xampp\htdocs\trackstar\protected\controllers\ProjectController.php(51): ProjectController->loadModel(NULL)
#1 F:\Softs\Softs\Development\XAMPP\xampp\htdocs\yii\framework\web\actions\CInlineAction.php(57): ProjectController->actionView()
#2 F:\Softs\Softs\Development\XAMPP\xampp\htdocs\yii\framework\web\CController.php(300): CInlineAction->run()
#3 F:\Softs\Softs\Development\XAMPP\xampp\htdocs\yii\framework\web\filters\CFilterChain.php(133): CController->runAction(Object(CInlineAction))
#4 F:\Softs\Softs\Development\XAMPP\xampp\htdocs\yii\framework\web\filters\CFilter.php(41): CFilterChain->run()
#5 F:\Softs\Softs\Development\XAMPP\xampp\htdocs\yii\framework\web\CController.php(1084): CFilter->filter(Object(CFilterChain))
#6 F:\Softs\Softs\Development\XAMPP\xampp\htdocs\yii\framework\web\filters\CInlineFilter.php(59): CController->filterAccessControl(Object(CFilterChain))
#7 F:\Softs\Softs\Development\XAMPP\xampp\htdocs\yii\framework\web\filters\CFilterChain.php(130): CInlineFilter->filter(Object(CFilterChain))
#8 F:\Softs\Softs\Development\XAMPP\xampp\htdocs\yii\framework\web\CController.php(283): CFilterChain->run()
#9 F:\Softs\Softs\Development\XAMPP\xampp\htdocs\yii\framework\web\CController.php(257): CController->runActionWithFilters(Object(CInlineAction), Array)
#10 F:\Softs\Softs\Development\XAMPP\xampp\htdocs\yii\framework\web\CWebApplication.php(324): CController->run('view')
#11 F:\Softs\Softs\Development\XAMPP\xampp\htdocs\yii\framework\web\CWebApplication.php(121): CWebApplication->runController('project/view')
#12 F:\Softs\Softs\Development\XAMPP\xampp\htdocs\yii\framework\base\CApplication.php(135): CWebApplication->processRequest()
#13 F:\Softs\Softs\Development\XAMPP\xampp\htdocs\trackstar\index.php(13): CApplication->run()
#14 {main} REQUEST_URI=/trackstar/index.php?r=project/view&id=1
2010/11/30 18:32:52 [error] [exception.CHttpException.404] exception 'CHttpException' with message 'The requested page does not exist.' in F:\Softs\Softs\Development\XAMPP\xampp\htdocs\trackstar\protected\controllers\ProjectController.php:149
Stack trace:
#0 F:\Softs\Softs\Development\XAMPP\xampp\htdocs\trackstar\protected\controllers\ProjectController.php(51): ProjectController->loadModel(NULL)
#1 F:\Softs\Softs\Development\XAMPP\xampp\htdocs\yii\framework\web\actions\CInlineAction.php(57): ProjectController->actionView()
#2 F:\Softs\Softs\Development\XAMPP\xampp\htdocs\yii\framework\web\CController.php(300): CInlineAction->run()
#3 F:\Softs\Softs\Development\XAMPP\xampp\htdocs\yii\framework\web\filters\CFilterChain.php(133): CController->runAction(Object(CInlineAction))
#4 F:\Softs\Softs\Development\XAMPP\xampp\htdocs\yii\framework\web\filters\CFilter.php(41): CFilterChain->run()
#5 F:\Softs\Softs\Development\XAMPP\xampp\htdocs\yii\framework\web\CController.php(1084): CFilter->filter(Object(CFilterChain))
#6 F:\Softs\Softs\Development\XAMPP\xampp\htdocs\yii\framework\web\filters\CInlineFilter.php(59): CController->filterAccessControl(Object(CFilterChain))
#7 F:\Softs\Softs\Development\XAMPP\xampp\htdocs\yii\framework\web\filters\CFilterChain.php(130): CInlineFilter->filter(Object(CFilterChain))
#8 F:\Softs\Softs\Development\XAMPP\xampp\htdocs\yii\framework\web\CController.php(283): CFilterChain->run()
#9 F:\Softs\Softs\Development\XAMPP\xampp\htdocs\yii\framework\web\CController.php(257): CController->runActionWithFilters(Object(CInlineAction), Array)
#10 F:\Softs\Softs\Development\XAMPP\xampp\htdocs\yii\framework\web\CWebApplication.php(324): CController->run('view')
#11 F:\Softs\Softs\Development\XAMPP\xampp\htdocs\yii\framework\web\CWebApplication.php(121): CWebApplication->runController('project/view')
#12 F:\Softs\Softs\Development\XAMPP\xampp\htdocs\yii\framework\base\CApplication.php(135): CWebApplication->processRequest()
#13 F:\Softs\Softs\Development\XAMPP\xampp\htdocs\trackstar\index.php(13): CApplication->run()
#14 {main} REQUEST_URI=/trackstar/index.php?r=project/view&id=1
2010/11/30 18:35:04 [error] [php] Missing argument 1 for ProjectController::loadModel(), called in F:\Softs\Softs\Development\XAMPP\xampp\htdocs\trackstar\protected\controllers\ProjectController.php on line 53 and defined (F:\Softs\Softs\Development\XAMPP\xampp\htdocs\trackstar\protected\controllers\ProjectController.php:155)
Stack trace:
#0 F:\Softs\Softs\Development\XAMPP\xampp\htdocs\yii\framework\web\CController.php(300): CInlineAction->run()
#1 F:\Softs\Softs\Development\XAMPP\xampp\htdocs\yii\framework\web\filters\CFilterChain.php(133): ProjectController->runAction()
#2 F:\Softs\Softs\Development\XAMPP\xampp\htdocs\yii\framework\web\filters\CFilter.php(41): CFilterChain->run()
#3 F:\Softs\Softs\Development\XAMPP\xampp\htdocs\yii\framework\web\CController.php(1084): CAccessControlFilter->filter()
#4 F:\Softs\Softs\Development\XAMPP\xampp\htdocs\yii\framework\web\filters\CInlineFilter.php(59): ProjectController->filterAccessControl()
#5 F:\Softs\Softs\Development\XAMPP\xampp\htdocs\yii\framework\web\filters\CFilterChain.php(130): CInlineFilter->filter()
#6 F:\Softs\Softs\Development\XAMPP\xampp\htdocs\yii\framework\web\CController.php(283): CFilterChain->run()
#7 F:\Softs\Softs\Development\XAMPP\xampp\htdocs\yii\framework\web\CController.php(257): ProjectController->runActionWithFilters()
#8 F:\Softs\Softs\Development\XAMPP\xampp\htdocs\yii\framework\web\CWebApplication.php(324): ProjectController->run()
#9 F:\Softs\Softs\Development\XAMPP\xampp\htdocs\yii\framework\web\CWebApplication.php(121): CWebApplication->runController()
#10 F:\Softs\Softs\Development\XAMPP\xampp\htdocs\yii\framework\base\CApplication.php(135): CWebApplication->processRequest()
#11 F:\Softs\Softs\Development\XAMPP\xampp\htdocs\trackstar\index.php(13): CWebApplication->run()
REQUEST_URI=/trackstar/index.php?r=project/view&id=1
in F:\Softs\Softs\Development\XAMPP\xampp\htdocs\trackstar\protected\controllers\ProjectController.php (155)
in F:\Softs\Softs\Development\XAMPP\xampp\htdocs\trackstar\protected\controllers\ProjectController.php (53)
in F:\Softs\Softs\Development\XAMPP\xampp\htdocs\trackstar\index.php (13)
2010/11/30 18:39:32 [error] [php] Missing argument 1 for ProjectController::loadModel(), called in F:\Softs\Softs\Development\XAMPP\xampp\htdocs\trackstar\protected\controllers\ProjectController.php on line 53 and defined (F:\Softs\Softs\Development\XAMPP\xampp\htdocs\trackstar\protected\controllers\ProjectController.php:155)
Stack trace:
#0 F:\Softs\Softs\Development\XAMPP\xampp\htdocs\yii\framework\web\actions\CInlineAction.php(54): ReflectionMethod->invokeArgs()
#1 F:\Softs\Softs\Development\XAMPP\xampp\htdocs\yii\framework\web\CController.php(300): CInlineAction->run()
#2 F:\Softs\Softs\Development\XAMPP\xampp\htdocs\yii\framework\web\filters\CFilterChain.php(133): ProjectController->runAction()
#3 F:\Softs\Softs\Development\XAMPP\xampp\htdocs\yii\framework\web\filters\CFilter.php(41): CFilterChain->run()
#4 F:\Softs\Softs\Development\XAMPP\xampp\htdocs\yii\framework\web\CController.php(1084): CAccessControlFilter->filter()
#5 F:\Softs\Softs\Development\XAMPP\xampp\htdocs\yii\framework\web\filters\CInlineFilter.php(59): ProjectController->filterAccessControl()
#6 F:\Softs\Softs\Development\XAMPP\xampp\htdocs\yii\framework\web\filters\CFilterChain.php(130): CInlineFilter->filter()
#7 F:\Softs\Softs\Development\XAMPP\xampp\htdocs\yii\framework\web\CController.php(283): CFilterChain->run()
#8 F:\Softs\Softs\Development\XAMPP\xampp\htdocs\yii\framework\web\CController.php(257): ProjectController->runActionWithFilters()
#9 F:\Softs\Softs\Development\XAMPP\xampp\htdocs\yii\framework\web\CWebApplication.php(324): ProjectController->run()
#10 F:\Softs\Softs\Development\XAMPP\xampp\htdocs\yii\framework\web\CWebApplication.php(121): CWebApplication->runController()
#11 F:\Softs\Softs\Development\XAMPP\xampp\htdocs\yii\framework\base\CApplication.php(135): CWebApplication->processRequest()
#12 F:\Softs\Softs\Development\XAMPP\xampp\htdocs\trackstar\index.php(13): CWebApplication->run()
REQUEST_URI=/trackstar/index.php?r=project/view&id=1
in F:\Softs\Softs\Development\XAMPP\xampp\htdocs\trackstar\protected\controllers\ProjectController.php (155)
in F:\Softs\Softs\Development\XAMPP\xampp\htdocs\trackstar\protected\controllers\ProjectController.php (53)
in F:\Softs\Softs\Development\XAMPP\xampp\htdocs\trackstar\index.php (13)
2010/11/30 19:24:32 [error] [exception.CException] exception 'CException' with message 'The "dataProvider" property cannot be empty.' in F:\Softs\Softs\Development\XAMPP\xampp\htdocs\yii\framework\zii\widgets\CBaseListView.php:103
Stack trace:
#0 F:\Softs\Softs\Development\XAMPP\xampp\htdocs\yii\framework\zii\widgets\CListView.php(156): CBaseListView->init()
#1 F:\Softs\Softs\Development\XAMPP\xampp\htdocs\yii\framework\web\CBaseController.php(140): CListView->init()
#2 F:\Softs\Softs\Development\XAMPP\xampp\htdocs\yii\framework\web\CBaseController.php(165): CBaseController->createWidget('zii.widgets.CLi...', Array)
#3 F:\Softs\Softs\Development\XAMPP\xampp\htdocs\trackstar\protected\views\project\view.php(41): CBaseController->widget('zii.widgets.CLi...', Array)
#4 F:\Softs\Softs\Development\XAMPP\xampp\htdocs\yii\framework\web\CBaseController.php(119): require('F:\Softs\Softs\...')
#5 F:\Softs\Softs\Development\XAMPP\xampp\htdocs\yii\framework\web\CBaseController.php(88): CBaseController->renderInternal('F:\Softs\Softs\...', Array, true)
#6 F:\Softs\Softs\Development\XAMPP\xampp\htdocs\yii\framework\web\CController.php(833): CBaseController->renderFile('F:\Softs\Softs\...', Array, true)
#7 F:\Softs\Softs\Development\XAMPP\xampp\htdocs\yii\framework\web\CController.php(746): CController->renderPartial('view', Array, true)
#8 F:\Softs\Softs\Development\XAMPP\xampp\htdocs\trackstar\protected\controllers\ProjectController.php(62): CController->render('view', Array)
#9 [internal function]: ProjectController->actionView('1')
#10 F:\Softs\Softs\Development\XAMPP\xampp\htdocs\yii\framework\web\actions\CInlineAction.php(54): ReflectionMethod->invokeArgs(Object(ProjectController), Array)
#11 F:\Softs\Softs\Development\XAMPP\xampp\htdocs\yii\framework\web\CController.php(300): CInlineAction->run()
#12 F:\Softs\Softs\Development\XAMPP\xampp\htdocs\yii\framework\web\filters\CFilterChain.php(133): CController->runAction(Object(CInlineAction))
#13 F:\Softs\Softs\Development\XAMPP\xampp\htdocs\yii\framework\web\filters\CFilter.php(41): CFilterChain->run()
#14 F:\Softs\Softs\Development\XAMPP\xampp\htdocs\yii\framework\web\CController.php(1084): CFilter->filter(Object(CFilterChain))
#15 F:\Softs\Softs\Development\XAMPP\xampp\htdocs\yii\framework\web\filters\CInlineFilter.php(59): CController->filterAccessControl(Object(CFilterChain))
#16 F:\Softs\Softs\Development\XAMPP\xampp\htdocs\yii\framework\web\filters\CFilterChain.php(130): CInlineFilter->filter(Object(CFilterChain))
#17 F:\Softs\Softs\Development\XAMPP\xampp\htdocs\yii\framework\web\CController.php(283): CFilterChain->run()
#18 F:\Softs\Softs\Development\XAMPP\xampp\htdocs\yii\framework\web\CController.php(257): CController->runActionWithFilters(Object(CInlineAction), Array)
#19 F:\Softs\Softs\Development\XAMPP\xampp\htdocs\yii\framework\web\CWebApplication.php(324): CController->run('view')
#20 F:\Softs\Softs\Development\XAMPP\xampp\htdocs\yii\framework\web\CWebApplication.php(121): CWebApplication->runController('project/view')
#21 F:\Softs\Softs\Development\XAMPP\xampp\htdocs\yii\framework\base\CApplication.php(135): CWebApplication->processRequest()
#22 F:\Softs\Softs\Development\XAMPP\xampp\htdocs\trackstar\index.php(13): CApplication->run()
#23 {main} REQUEST_URI=/trackstar/index.php?r=project/view&id=1
2010/11/30 21:10:13 [error] [exception.CHttpException.404] exception 'CHttpException' with message 'The required project does not exist' in F:\Softs\Softs\Development\XAMPP\xampp\htdocs\trackstar\protected\controllers\IssueController.php:16
Stack trace:
#0 F:\Softs\Softs\Development\XAMPP\xampp\htdocs\trackstar\protected\controllers\IssueController.php(58): IssueController->loadProject(NULL)
#1 F:\Softs\Softs\Development\XAMPP\xampp\htdocs\yii\framework\web\filters\CInlineFilter.php(59): IssueController->filterProjectContext(Object(CFilterChain))
#2 F:\Softs\Softs\Development\XAMPP\xampp\htdocs\yii\framework\web\filters\CFilterChain.php(130): CInlineFilter->filter(Object(CFilterChain))
#3 F:\Softs\Softs\Development\XAMPP\xampp\htdocs\yii\framework\web\filters\CFilter.php(41): CFilterChain->run()
#4 F:\Softs\Softs\Development\XAMPP\xampp\htdocs\yii\framework\web\CController.php(1084): CFilter->filter(Object(CFilterChain))
#5 F:\Softs\Softs\Development\XAMPP\xampp\htdocs\yii\framework\web\filters\CInlineFilter.php(59): CController->filterAccessControl(Object(CFilterChain))
#6 F:\Softs\Softs\Development\XAMPP\xampp\htdocs\yii\framework\web\filters\CFilterChain.php(130): CInlineFilter->filter(Object(CFilterChain))
#7 F:\Softs\Softs\Development\XAMPP\xampp\htdocs\yii\framework\web\CController.php(283): CFilterChain->run()
#8 F:\Softs\Softs\Development\XAMPP\xampp\htdocs\yii\framework\web\CController.php(257): CController->runActionWithFilters(Object(CInlineAction), Array)
#9 F:\Softs\Softs\Development\XAMPP\xampp\htdocs\yii\framework\web\CWebApplication.php(324): CController->run('admin')
#10 F:\Softs\Softs\Development\XAMPP\xampp\htdocs\yii\framework\web\CWebApplication.php(121): CWebApplication->runController('issue/admin')
#11 F:\Softs\Softs\Development\XAMPP\xampp\htdocs\yii\framework\base\CApplication.php(135): CWebApplication->processRequest()
#12 F:\Softs\Softs\Development\XAMPP\xampp\htdocs\trackstar\index.php(13): CApplication->run()
#13 {main} REQUEST_URI=/trackstar/index.php?r=issue/admin
2010/11/30 21:10:30 [error] [exception.CHttpException.404] exception 'CHttpException' with message 'The required project does not exist' in F:\Softs\Softs\Development\XAMPP\xampp\htdocs\trackstar\protected\controllers\IssueController.php:16
Stack trace:
#0 F:\Softs\Softs\Development\XAMPP\xampp\htdocs\trackstar\protected\controllers\IssueController.php(58): IssueController->loadProject(NULL)
#1 F:\Softs\Softs\Development\XAMPP\xampp\htdocs\yii\framework\web\filters\CInlineFilter.php(59): IssueController->filterProjectContext(Object(CFilterChain))
#2 F:\Softs\Softs\Development\XAMPP\xampp\htdocs\yii\framework\web\filters\CFilterChain.php(130): CInlineFilter->filter(Object(CFilterChain))
#3 F:\Softs\Softs\Development\XAMPP\xampp\htdocs\yii\framework\web\filters\CFilter.php(41): CFilterChain->run()
#4 F:\Softs\Softs\Development\XAMPP\xampp\htdocs\yii\framework\web\CController.php(1084): CFilter->filter(Object(CFilterChain))
#5 F:\Softs\Softs\Development\XAMPP\xampp\htdocs\yii\framework\web\filters\CInlineFilter.php(59): CController->filterAccessControl(Object(CFilterChain))
#6 F:\Softs\Softs\Development\XAMPP\xampp\htdocs\yii\framework\web\filters\CFilterChain.php(130): CInlineFilter->filter(Object(CFilterChain))
#7 F:\Softs\Softs\Development\XAMPP\xampp\htdocs\yii\framework\web\CController.php(283): CFilterChain->run()
#8 F:\Softs\Softs\Development\XAMPP\xampp\htdocs\yii\framework\web\CController.php(257): CController->runActionWithFilters(Object(CInlineAction), Array)
#9 F:\Softs\Softs\Development\XAMPP\xampp\htdocs\yii\framework\web\CWebApplication.php(324): CController->run('admin')
#10 F:\Softs\Softs\Development\XAMPP\xampp\htdocs\yii\framework\web\CWebApplication.php(121): CWebApplication->runController('issue/admin')
#11 F:\Softs\Softs\Development\XAMPP\xampp\htdocs\yii\framework\base\CApplication.php(135): CWebApplication->processRequest()
#12 F:\Softs\Softs\Development\XAMPP\xampp\htdocs\trackstar\index.php(13): CApplication->run()
#13 {main} REQUEST_URI=/trackstar/index.php?r=issue/admin
2010/11/30 21:10:34 [error] [exception.CHttpException.404] exception 'CHttpException' with message 'The required project does not exist' in F:\Softs\Softs\Development\XAMPP\xampp\htdocs\trackstar\protected\controllers\IssueController.php:16
Stack trace:
#0 F:\Softs\Softs\Development\XAMPP\xampp\htdocs\trackstar\protected\controllers\IssueController.php(58): IssueController->loadProject(NULL)
#1 F:\Softs\Softs\Development\XAMPP\xampp\htdocs\yii\framework\web\filters\CInlineFilter.php(59): IssueController->filterProjectContext(Object(CFilterChain))
#2 F:\Softs\Softs\Development\XAMPP\xampp\htdocs\yii\framework\web\filters\CFilterChain.php(130): CInlineFilter->filter(Object(CFilterChain))
#3 F:\Softs\Softs\Development\XAMPP\xampp\htdocs\yii\framework\web\filters\CFilter.php(41): CFilterChain->run()
#4 F:\Softs\Softs\Development\XAMPP\xampp\htdocs\yii\framework\web\CController.php(1084): CFilter->filter(Object(CFilterChain))
#5 F:\Softs\Softs\Development\XAMPP\xampp\htdocs\yii\framework\web\filters\CInlineFilter.php(59): CController->filterAccessControl(Object(CFilterChain))
#6 F:\Softs\Softs\Development\XAMPP\xampp\htdocs\yii\framework\web\filters\CFilterChain.php(130): CInlineFilter->filter(Object(CFilterChain))
#7 F:\Softs\Softs\Development\XAMPP\xampp\htdocs\yii\framework\web\CController.php(283): CFilterChain->run()
#8 F:\Softs\Softs\Development\XAMPP\xampp\htdocs\yii\framework\web\CController.php(257): CController->runActionWithFilters(Object(CInlineAction), Array)
#9 F:\Softs\Softs\Development\XAMPP\xampp\htdocs\yii\framework\web\CWebApplication.php(324): CController->run('')
#10 F:\Softs\Softs\Development\XAMPP\xampp\htdocs\yii\framework\web\CWebApplication.php(121): CWebApplication->runController('issue')
#11 F:\Softs\Softs\Development\XAMPP\xampp\htdocs\yii\framework\base\CApplication.php(135): CWebApplication->processRequest()
#12 F:\Softs\Softs\Development\XAMPP\xampp\htdocs\trackstar\index.php(13): CApplication->run()
#13 {main} REQUEST_URI=/trackstar/index.php?r=issue
2010/11/30 21:10:47 [error] [exception.CHttpException.404] exception 'CHttpException' with message 'The required project does not exist' in F:\Softs\Softs\Development\XAMPP\xampp\htdocs\trackstar\protected\controllers\IssueController.php:16
Stack trace:
#0 F:\Softs\Softs\Development\XAMPP\xampp\htdocs\trackstar\protected\controllers\IssueController.php(58): IssueController->loadProject(NULL)
#1 F:\Softs\Softs\Development\XAMPP\xampp\htdocs\yii\framework\web\filters\CInlineFilter.php(59): IssueController->filterProjectContext(Object(CFilterChain))
#2 F:\Softs\Softs\Development\XAMPP\xampp\htdocs\yii\framework\web\filters\CFilterChain.php(130): CInlineFilter->filter(Object(CFilterChain))
#3 F:\Softs\Softs\Development\XAMPP\xampp\htdocs\yii\framework\web\filters\CFilter.php(41): CFilterChain->run()
#4 F:\Softs\Softs\Development\XAMPP\xampp\htdocs\yii\framework\web\CController.php(1084): CFilter->filter(Object(CFilterChain))
#5 F:\Softs\Softs\Development\XAMPP\xampp\htdocs\yii\framework\web\filters\CInlineFilter.php(59): CController->filterAccessControl(Object(CFilterChain))
#6 F:\Softs\Softs\Development\XAMPP\xampp\htdocs\yii\framework\web\filters\CFilterChain.php(130): CInlineFilter->filter(Object(CFilterChain))
#7 F:\Softs\Softs\Development\XAMPP\xampp\htdocs\yii\framework\web\CController.php(283): CFilterChain->run()
#8 F:\Softs\Softs\Development\XAMPP\xampp\htdocs\yii\framework\web\CController.php(257): CController->runActionWithFilters(Object(CInlineAction), Array)
#9 F:\Softs\Softs\Development\XAMPP\xampp\htdocs\yii\framework\web\CWebApplication.php(324): CController->run('index')
#10 F:\Softs\Softs\Development\XAMPP\xampp\htdocs\yii\framework\web\CWebApplication.php(121): CWebApplication->runController('issue/index')
#11 F:\Softs\Softs\Development\XAMPP\xampp\htdocs\yii\framework\base\CApplication.php(135): CWebApplication->processRequest()
#12 F:\Softs\Softs\Development\XAMPP\xampp\htdocs\trackstar\index.php(13): CApplication->run()
#13 {main} REQUEST_URI=/trackstar/index.php?r=issue/index
2010/11/30 21:12:53 [error] [exception.CHttpException.404] exception 'CHttpException' with message 'The required project does not exist' in F:\Softs\Softs\Development\XAMPP\xampp\htdocs\trackstar\protected\controllers\IssueController.php:16
Stack trace:
#0 F:\Softs\Softs\Development\XAMPP\xampp\htdocs\trackstar\protected\controllers\IssueController.php(58): IssueController->loadProject(NULL)
#1 F:\Softs\Softs\Development\XAMPP\xampp\htdocs\yii\framework\web\filters\CInlineFilter.php(59): IssueController->filterProjectContext(Object(CFilterChain))
#2 F:\Softs\Softs\Development\XAMPP\xampp\htdocs\yii\framework\web\filters\CFilterChain.php(130): CInlineFilter->filter(Object(CFilterChain))
#3 F:\Softs\Softs\Development\XAMPP\xampp\htdocs\yii\framework\web\filters\CFilter.php(41): CFilterChain->run()
#4 F:\Softs\Softs\Development\XAMPP\xampp\htdocs\yii\framework\web\CController.php(1084): CFilter->filter(Object(CFilterChain))
#5 F:\Softs\Softs\Development\XAMPP\xampp\htdocs\yii\framework\web\filters\CInlineFilter.php(59): CController->filterAccessControl(Object(CFilterChain))
#6 F:\Softs\Softs\Development\XAMPP\xampp\htdocs\yii\framework\web\filters\CFilterChain.php(130): CInlineFilter->filter(Object(CFilterChain))
#7 F:\Softs\Softs\Development\XAMPP\xampp\htdocs\yii\framework\web\CController.php(283): CFilterChain->run()
#8 F:\Softs\Softs\Development\XAMPP\xampp\htdocs\yii\framework\web\CController.php(257): CController->runActionWithFilters(Object(CInlineAction), Array)
#9 F:\Softs\Softs\Development\XAMPP\xampp\htdocs\yii\framework\web\CWebApplication.php(324): CController->run('index')
#10 F:\Softs\Softs\Development\XAMPP\xampp\htdocs\yii\framework\web\CWebApplication.php(121): CWebApplication->runController('issue/index')
#11 F:\Softs\Softs\Development\XAMPP\xampp\htdocs\yii\framework\base\CApplication.php(135): CWebApplication->processRequest()
#12 F:\Softs\Softs\Development\XAMPP\xampp\htdocs\trackstar\index.php(13): CApplication->run()
#13 {main} REQUEST_URI=/trackstar/index.php?r=issue/index
2010/11/30 21:13:01 [error] [exception.CHttpException.404] exception 'CHttpException' with message 'The required project does not exist' in F:\Softs\Softs\Development\XAMPP\xampp\htdocs\trackstar\protected\controllers\IssueController.php:16
Stack trace:
#0 F:\Softs\Softs\Development\XAMPP\xampp\htdocs\trackstar\protected\controllers\IssueController.php(58): IssueController->loadProject(NULL)
#1 F:\Softs\Softs\Development\XAMPP\xampp\htdocs\yii\framework\web\filters\CInlineFilter.php(59): IssueController->filterProjectContext(Object(CFilterChain))
#2 F:\Softs\Softs\Development\XAMPP\xampp\htdocs\yii\framework\web\filters\CFilterChain.php(130): CInlineFilter->filter(Object(CFilterChain))
#3 F:\Softs\Softs\Development\XAMPP\xampp\htdocs\yii\framework\web\filters\CFilter.php(41): CFilterChain->run()
#4 F:\Softs\Softs\Development\XAMPP\xampp\htdocs\yii\framework\web\CController.php(1084): CFilter->filter(Object(CFilterChain))
#5 F:\Softs\Softs\Development\XAMPP\xampp\htdocs\yii\framework\web\filters\CInlineFilter.php(59): CController->filterAccessControl(Object(CFilterChain))
#6 F:\Softs\Softs\Development\XAMPP\xampp\htdocs\yii\framework\web\filters\CFilterChain.php(130): CInlineFilter->filter(Object(CFilterChain))
#7 F:\Softs\Softs\Development\XAMPP\xampp\htdocs\yii\framework\web\CController.php(283): CFilterChain->run()
#8 F:\Softs\Softs\Development\XAMPP\xampp\htdocs\yii\framework\web\CController.php(257): CController->runActionWithFilters(Object(CInlineAction), Array)
#9 F:\Softs\Softs\Development\XAMPP\xampp\htdocs\yii\framework\web\CWebApplication.php(324): CController->run('index')
#10 F:\Softs\Softs\Development\XAMPP\xampp\htdocs\yii\framework\web\CWebApplication.php(121): CWebApplication->runController('issue/index')
#11 F:\Softs\Softs\Development\XAMPP\xampp\htdocs\yii\framework\base\CApplication.php(135): CWebApplication->processRequest()
#12 F:\Softs\Softs\Development\XAMPP\xampp\htdocs\trackstar\index.php(13): CApplication->run()
#13 {main} REQUEST_URI=/trackstar/index.php?r=issue/index
2010/11/30 21:13:10 [error] [exception.CHttpException.404] exception 'CHttpException' with message 'The required project does not exist' in F:\Softs\Softs\Development\XAMPP\xampp\htdocs\trackstar\protected\controllers\IssueController.php:16
Stack trace:
#0 F:\Softs\Softs\Development\XAMPP\xampp\htdocs\trackstar\protected\controllers\IssueController.php(58): IssueController->loadProject(NULL)
#1 F:\Softs\Softs\Development\XAMPP\xampp\htdocs\yii\framework\web\filters\CInlineFilter.php(59): IssueController->filterProjectContext(Object(CFilterChain))
#2 F:\Softs\Softs\Development\XAMPP\xampp\htdocs\yii\framework\web\filters\CFilterChain.php(130): CInlineFilter->filter(Object(CFilterChain))
#3 F:\Softs\Softs\Development\XAMPP\xampp\htdocs\yii\framework\web\filters\CFilter.php(41): CFilterChain->run()
#4 F:\Softs\Softs\Development\XAMPP\xampp\htdocs\yii\framework\web\CController.php(1084): CFilter->filter(Object(CFilterChain))
#5 F:\Softs\Softs\Development\XAMPP\xampp\htdocs\yii\framework\web\filters\CInlineFilter.php(59): CController->filterAccessControl(Object(CFilterChain))
#6 F:\Softs\Softs\Development\XAMPP\xampp\htdocs\yii\framework\web\filters\CFilterChain.php(130): CInlineFilter->filter(Object(CFilterChain))
#7 F:\Softs\Softs\Development\XAMPP\xampp\htdocs\yii\framework\web\CController.php(283): CFilterChain->run()
#8 F:\Softs\Softs\Development\XAMPP\xampp\htdocs\yii\framework\web\CController.php(257): CController->runActionWithFilters(Object(CInlineAction), Array)
#9 F:\Softs\Softs\Development\XAMPP\xampp\htdocs\yii\framework\web\CWebApplication.php(324): CController->run('admin')
#10 F:\Softs\Softs\Development\XAMPP\xampp\htdocs\yii\framework\web\CWebApplication.php(121): CWebApplication->runController('issue/admin')
#11 F:\Softs\Softs\Development\XAMPP\xampp\htdocs\yii\framework\base\CApplication.php(135): CWebApplication->processRequest()
#12 F:\Softs\Softs\Development\XAMPP\xampp\htdocs\trackstar\index.php(13): CApplication->run()
#13 {main} REQUEST_URI=/trackstar/index.php?r=issue/admin
2010/11/30 21:16:24 [error] [exception.CHttpException.404] exception 'CHttpException' with message 'The required project does not exist' in F:\Softs\Softs\Development\XAMPP\xampp\htdocs\trackstar\protected\controllers\IssueController.php:16
Stack trace:
#0 F:\Softs\Softs\Development\XAMPP\xampp\htdocs\trackstar\protected\controllers\IssueController.php(58): IssueController->loadProject(NULL)
#1 F:\Softs\Softs\Development\XAMPP\xampp\htdocs\yii\framework\web\filters\CInlineFilter.php(59): IssueController->filterProjectContext(Object(CFilterChain))
#2 F:\Softs\Softs\Development\XAMPP\xampp\htdocs\yii\framework\web\filters\CFilterChain.php(130): CInlineFilter->filter(Object(CFilterChain))
#3 F:\Softs\Softs\Development\XAMPP\xampp\htdocs\yii\framework\web\filters\CFilter.php(41): CFilterChain->run()
#4 F:\Softs\Softs\Development\XAMPP\xampp\htdocs\yii\framework\web\CController.php(1084): CFilter->filter(Object(CFilterChain))
#5 F:\Softs\Softs\Development\XAMPP\xampp\htdocs\yii\framework\web\filters\CInlineFilter.php(59): CController->filterAccessControl(Object(CFilterChain))
#6 F:\Softs\Softs\Development\XAMPP\xampp\htdocs\yii\framework\web\filters\CFilterChain.php(130): CInlineFilter->filter(Object(CFilterChain))
#7 F:\Softs\Softs\Development\XAMPP\xampp\htdocs\yii\framework\web\CController.php(283): CFilterChain->run()
#8 F:\Softs\Softs\Development\XAMPP\xampp\htdocs\yii\framework\web\CController.php(257): CController->runActionWithFilters(Object(CInlineAction), Array)
#9 F:\Softs\Softs\Development\XAMPP\xampp\htdocs\yii\framework\web\CWebApplication.php(324): CController->run('admin')
#10 F:\Softs\Softs\Development\XAMPP\xampp\htdocs\yii\framework\web\CWebApplication.php(121): CWebApplication->runController('issue/admin')
#11 F:\Softs\Softs\Development\XAMPP\xampp\htdocs\yii\framework\base\CApplication.php(135): CWebApplication->processRequest()
#12 F:\Softs\Softs\Development\XAMPP\xampp\htdocs\trackstar\index.php(13): CApplication->run()
#13 {main} REQUEST_URI=/trackstar/index.php?r=issue/admin
2010/11/30 21:18:31 [error] [exception.CHttpException.404] exception 'CHttpException' with message 'The required project does not exist' in F:\Softs\Softs\Development\XAMPP\xampp\htdocs\trackstar\protected\controllers\IssueController.php:16
Stack trace:
#0 F:\Softs\Softs\Development\XAMPP\xampp\htdocs\trackstar\protected\controllers\IssueController.php(58): IssueController->loadProject('')
#1 F:\Softs\Softs\Development\XAMPP\xampp\htdocs\yii\framework\web\filters\CInlineFilter.php(59): IssueController->filterProjectContext(Object(CFilterChain))
#2 F:\Softs\Softs\Development\XAMPP\xampp\htdocs\yii\framework\web\filters\CFilterChain.php(130): CInlineFilter->filter(Object(CFilterChain))
#3 F:\Softs\Softs\Development\XAMPP\xampp\htdocs\yii\framework\web\filters\CFilter.php(41): CFilterChain->run()
#4 F:\Softs\Softs\Development\XAMPP\xampp\htdocs\yii\framework\web\CController.php(1084): CFilter->filter(Object(CFilterChain))
#5 F:\Softs\Softs\Development\XAMPP\xampp\htdocs\yii\framework\web\filters\CInlineFilter.php(59): CController->filterAccessControl(Object(CFilterChain))
#6 F:\Softs\Softs\Development\XAMPP\xampp\htdocs\yii\framework\web\filters\CFilterChain.php(130): CInlineFilter->filter(Object(CFilterChain))
#7 F:\Softs\Softs\Development\XAMPP\xampp\htdocs\yii\framework\web\CController.php(283): CFilterChain->run()
#8 F:\Softs\Softs\Development\XAMPP\xampp\htdocs\yii\framework\web\CController.php(257): CController->runActionWithFilters(Object(CInlineAction), Array)
#9 F:\Softs\Softs\Development\XAMPP\xampp\htdocs\yii\framework\web\CWebApplication.php(324): CController->run('admin')
#10 F:\Softs\Softs\Development\XAMPP\xampp\htdocs\yii\framework\web\CWebApplication.php(121): CWebApplication->runController('issue/admin')
#11 F:\Softs\Softs\Development\XAMPP\xampp\htdocs\yii\framework\base\CApplication.php(135): CWebApplication->processRequest()
#12 F:\Softs\Softs\Development\XAMPP\xampp\htdocs\trackstar\index.php(13): CApplication->run()
#13 {main} REQUEST_URI=/trackstar/index.php?r=issue/admin&pid=
2010/11/30 21:29:43 [error] [exception.CHttpException.400] exception 'CHttpException' with message 'Your request is invalid.' in F:\Softs\Softs\Development\XAMPP\xampp\htdocs\yii\framework\web\actions\CInlineAction.php:52
Stack trace:
#0 F:\Softs\Softs\Development\XAMPP\xampp\htdocs\yii\framework\web\CController.php(300): CInlineAction->run()
#1 F:\Softs\Softs\Development\XAMPP\xampp\htdocs\yii\framework\web\filters\CFilterChain.php(133): CController->runAction(Object(CInlineAction))
#2 F:\Softs\Softs\Development\XAMPP\xampp\htdocs\trackstar\protected\controllers\IssueController.php(59): CFilterChain->run()
#3 F:\Softs\Softs\Development\XAMPP\xampp\htdocs\yii\framework\web\filters\CInlineFilter.php(59): IssueController->filterProjectContext(Object(CFilterChain))
#4 F:\Softs\Softs\Development\XAMPP\xampp\htdocs\yii\framework\web\filters\CFilterChain.php(130): CInlineFilter->filter(Object(CFilterChain))
#5 F:\Softs\Softs\Development\XAMPP\xampp\htdocs\yii\framework\web\filters\CFilter.php(41): CFilterChain->run()
#6 F:\Softs\Softs\Development\XAMPP\xampp\htdocs\yii\framework\web\CController.php(1084): CFilter->filter(Object(CFilterChain))
#7 F:\Softs\Softs\Development\XAMPP\xampp\htdocs\yii\framework\web\filters\CInlineFilter.php(59): CController->filterAccessControl(Object(CFilterChain))
#8 F:\Softs\Softs\Development\XAMPP\xampp\htdocs\yii\framework\web\filters\CFilterChain.php(130): CInlineFilter->filter(Object(CFilterChain))
#9 F:\Softs\Softs\Development\XAMPP\xampp\htdocs\yii\framework\web\CController.php(283): CFilterChain->run()
#10 F:\Softs\Softs\Development\XAMPP\xampp\htdocs\yii\framework\web\CController.php(257): CController->runActionWithFilters(Object(CInlineAction), Array)
#11 F:\Softs\Softs\Development\XAMPP\xampp\htdocs\yii\framework\web\CWebApplication.php(324): CController->run('index')
#12 F:\Softs\Softs\Development\XAMPP\xampp\htdocs\yii\framework\web\CWebApplication.php(121): CWebApplication->runController('issue/index')
#13 F:\Softs\Softs\Development\XAMPP\xampp\htdocs\yii\framework\base\CApplication.php(135): CWebApplication->processRequest()
#14 F:\Softs\Softs\Development\XAMPP\xampp\htdocs\trackstar\index.php(13): CApplication->run()
#15 {main} REQUEST_URI=/trackstar/index.php?r=issue/index&pid=1
2010/11/30 21:29:49 [error] [exception.CHttpException.400] exception 'CHttpException' with message 'Your request is invalid.' in F:\Softs\Softs\Development\XAMPP\xampp\htdocs\yii\framework\web\actions\CInlineAction.php:52
Stack trace:
#0 F:\Softs\Softs\Development\XAMPP\xampp\htdocs\yii\framework\web\CController.php(300): CInlineAction->run()
#1 F:\Softs\Softs\Development\XAMPP\xampp\htdocs\yii\framework\web\filters\CFilterChain.php(133): CController->runAction(Object(CInlineAction))
#2 F:\Softs\Softs\Development\XAMPP\xampp\htdocs\trackstar\protected\controllers\IssueController.php(59): CFilterChain->run()
#3 F:\Softs\Softs\Development\XAMPP\xampp\htdocs\yii\framework\web\filters\CInlineFilter.php(59): IssueController->filterProjectContext(Object(CFilterChain))
#4 F:\Softs\Softs\Development\XAMPP\xampp\htdocs\yii\framework\web\filters\CFilterChain.php(130): CInlineFilter->filter(Object(CFilterChain))
#5 F:\Softs\Softs\Development\XAMPP\xampp\htdocs\yii\framework\web\filters\CFilter.php(41): CFilterChain->run()
#6 F:\Softs\Softs\Development\XAMPP\xampp\htdocs\yii\framework\web\CController.php(1084): CFilter->filter(Object(CFilterChain))
#7 F:\Softs\Softs\Development\XAMPP\xampp\htdocs\yii\framework\web\filters\CInlineFilter.php(59): CController->filterAccessControl(Object(CFilterChain))
#8 F:\Softs\Softs\Development\XAMPP\xampp\htdocs\yii\framework\web\filters\CFilterChain.php(130): CInlineFilter->filter(Object(CFilterChain))
#9 F:\Softs\Softs\Development\XAMPP\xampp\htdocs\yii\framework\web\CController.php(283): CFilterChain->run()
#10 F:\Softs\Softs\Development\XAMPP\xampp\htdocs\yii\framework\web\CController.php(257): CController->runActionWithFilters(Object(CInlineAction), Array)
#11 F:\Softs\Softs\Development\XAMPP\xampp\htdocs\yii\framework\web\CWebApplication.php(324): CController->run('index')
#12 F:\Softs\Softs\Development\XAMPP\xampp\htdocs\yii\framework\web\CWebApplication.php(121): CWebApplication->runController('issue/index')
#13 F:\Softs\Softs\Development\XAMPP\xampp\htdocs\yii\framework\base\CApplication.php(135): CWebApplication->processRequest()
#14 F:\Softs\Softs\Development\XAMPP\xampp\htdocs\trackstar\index.php(13): CApplication->run()
#15 {main} REQUEST_URI=/trackstar/index.php?r=issue/index&pid=1
2010/11/30 21:36:21 [error] [exception.CException] exception 'CException' with message 'Property "IssueController.model" is not defined.' in F:\Softs\Softs\Development\XAMPP\xampp\htdocs\yii\framework\base\CComponent.php:131
Stack trace:
#0 F:\Softs\Softs\Development\XAMPP\xampp\htdocs\trackstar\protected\controllers\IssueController.php(171): CComponent->__get('model')
#1 F:\Softs\Softs\Development\XAMPP\xampp\htdocs\yii\framework\web\actions\CInlineAction.php(57): IssueController->actionIndex()
#2 F:\Softs\Softs\Development\XAMPP\xampp\htdocs\yii\framework\web\CController.php(300): CInlineAction->run()
#3 F:\Softs\Softs\Development\XAMPP\xampp\htdocs\yii\framework\web\filters\CFilterChain.php(133): CController->runAction(Object(CInlineAction))
#4 F:\Softs\Softs\Development\XAMPP\xampp\htdocs\trackstar\protected\controllers\IssueController.php(59): CFilterChain->run()
#5 F:\Softs\Softs\Development\XAMPP\xampp\htdocs\yii\framework\web\filters\CInlineFilter.php(59): IssueController->filterProjectContext(Object(CFilterChain))
#6 F:\Softs\Softs\Development\XAMPP\xampp\htdocs\yii\framework\web\filters\CFilterChain.php(130): CInlineFilter->filter(Object(CFilterChain))
#7 F:\Softs\Softs\Development\XAMPP\xampp\htdocs\yii\framework\web\filters\CFilter.php(41): CFilterChain->run()
#8 F:\Softs\Softs\Development\XAMPP\xampp\htdocs\yii\framework\web\CController.php(1084): CFilter->filter(Object(CFilterChain))
#9 F:\Softs\Softs\Development\XAMPP\xampp\htdocs\yii\framework\web\filters\CInlineFilter.php(59): CController->filterAccessControl(Object(CFilterChain))
#10 F:\Softs\Softs\Development\XAMPP\xampp\htdocs\yii\framework\web\filters\CFilterChain.php(130): CInlineFilter->filter(Object(CFilterChain))
#11 F:\Softs\Softs\Development\XAMPP\xampp\htdocs\yii\framework\web\CController.php(283): CFilterChain->run()
#12 F:\Softs\Softs\Development\XAMPP\xampp\htdocs\yii\framework\web\CController.php(257): CController->runActionWithFilters(Object(CInlineAction), Array)
#13 F:\Softs\Softs\Development\XAMPP\xampp\htdocs\yii\framework\web\CWebApplication.php(324): CController->run('index')
#14 F:\Softs\Softs\Development\XAMPP\xampp\htdocs\yii\framework\web\CWebApplication.php(121): CWebApplication->runController('issue/index')
#15 F:\Softs\Softs\Development\XAMPP\xampp\htdocs\yii\framework\base\CApplication.php(135): CWebApplication->processRequest()
#16 F:\Softs\Softs\Development\XAMPP\xampp\htdocs\trackstar\index.php(13): CApplication->run()
#17 {main} REQUEST_URI=/trackstar/index.php?r=issue/index&pid=1
2010/11/30 21:46:52 [error] [exception.CHttpException.404] exception 'CHttpException' with message 'The required project does not exist' in F:\Softs\Softs\Development\XAMPP\xampp\htdocs\trackstar\protected\controllers\IssueController.php:16
Stack trace:
#0 F:\Softs\Softs\Development\XAMPP\xampp\htdocs\trackstar\protected\controllers\IssueController.php(58): IssueController->loadProject('')
#1 F:\Softs\Softs\Development\XAMPP\xampp\htdocs\yii\framework\web\filters\CInlineFilter.php(59): IssueController->filterProjectContext(Object(CFilterChain))
#2 F:\Softs\Softs\Development\XAMPP\xampp\htdocs\yii\framework\web\filters\CFilterChain.php(130): CInlineFilter->filter(Object(CFilterChain))
#3 F:\Softs\Softs\Development\XAMPP\xampp\htdocs\yii\framework\web\filters\CFilter.php(41): CFilterChain->run()
#4 F:\Softs\Softs\Development\XAMPP\xampp\htdocs\yii\framework\web\CController.php(1084): CFilter->filter(Object(CFilterChain))
#5 F:\Softs\Softs\Development\XAMPP\xampp\htdocs\yii\framework\web\filters\CInlineFilter.php(59): CController->filterAccessControl(Object(CFilterChain))
#6 F:\Softs\Softs\Development\XAMPP\xampp\htdocs\yii\framework\web\filters\CFilterChain.php(130): CInlineFilter->filter(Object(CFilterChain))
#7 F:\Softs\Softs\Development\XAMPP\xampp\htdocs\yii\framework\web\CController.php(283): CFilterChain->run()
#8 F:\Softs\Softs\Development\XAMPP\xampp\htdocs\yii\framework\web\CController.php(257): CController->runActionWithFilters(Object(CInlineAction), Array)
#9 F:\Softs\Softs\Development\XAMPP\xampp\htdocs\yii\framework\web\CWebApplication.php(324): CController->run('admin')
#10 F:\Softs\Softs\Development\XAMPP\xampp\htdocs\yii\framework\web\CWebApplication.php(121): CWebApplication->runController('issue/admin')
#11 F:\Softs\Softs\Development\XAMPP\xampp\htdocs\yii\framework\base\CApplication.php(135): CWebApplication->processRequest()
#12 F:\Softs\Softs\Development\XAMPP\xampp\htdocs\trackstar\index.php(13): CApplication->run()
#13 {main} REQUEST_URI=/trackstar/index.php?r=issue/admin&pid=
2010/11/30 21:46:57 [error] [exception.CHttpException.404] exception 'CHttpException' with message 'The required project does not exist' in F:\Softs\Softs\Development\XAMPP\xampp\htdocs\trackstar\protected\controllers\IssueController.php:16
Stack trace:
#0 F:\Softs\Softs\Development\XAMPP\xampp\htdocs\trackstar\protected\controllers\IssueController.php(58): IssueController->loadProject('')
#1 F:\Softs\Softs\Development\XAMPP\xampp\htdocs\yii\framework\web\filters\CInlineFilter.php(59): IssueController->filterProjectContext(Object(CFilterChain))
#2 F:\Softs\Softs\Development\XAMPP\xampp\htdocs\yii\framework\web\filters\CFilterChain.php(130): CInlineFilter->filter(Object(CFilterChain))
#3 F:\Softs\Softs\Development\XAMPP\xampp\htdocs\yii\framework\web\filters\CFilter.php(41): CFilterChain->run()
#4 F:\Softs\Softs\Development\XAMPP\xampp\htdocs\yii\framework\web\CController.php(1084): CFilter->filter(Object(CFilterChain))
#5 F:\Softs\Softs\Development\XAMPP\xampp\htdocs\yii\framework\web\filters\CInlineFilter.php(59): CController->filterAccessControl(Object(CFilterChain))
#6 F:\Softs\Softs\Development\XAMPP\xampp\htdocs\yii\framework\web\filters\CFilterChain.php(130): CInlineFilter->filter(Object(CFilterChain))
#7 F:\Softs\Softs\Development\XAMPP\xampp\htdocs\yii\framework\web\CController.php(283): CFilterChain->run()
#8 F:\Softs\Softs\Development\XAMPP\xampp\htdocs\yii\framework\web\CController.php(257): CController->runActionWithFilters(Object(CInlineAction), Array)
#9 F:\Softs\Softs\Development\XAMPP\xampp\htdocs\yii\framework\web\CWebApplication.php(324): CController->run('admin')
#10 F:\Softs\Softs\Development\XAMPP\xampp\htdocs\yii\framework\web\CWebApplication.php(121): CWebApplication->runController('issue/admin')
#11 F:\Softs\Softs\Development\XAMPP\xampp\htdocs\yii\framework\base\CApplication.php(135): CWebApplication->processRequest()
#12 F:\Softs\Softs\Development\XAMPP\xampp\htdocs\trackstar\index.php(13): CApplication->run()
#13 {main} REQUEST_URI=/trackstar/index.php?r=issue/admin&pid=
2010/11/30 21:48:56 [error] [exception.CHttpException.404] exception 'CHttpException' with message 'The required project does not exist' in F:\Softs\Softs\Development\XAMPP\xampp\htdocs\trackstar\protected\controllers\IssueController.php:16
Stack trace:
#0 F:\Softs\Softs\Development\XAMPP\xampp\htdocs\trackstar\protected\controllers\IssueController.php(58): IssueController->loadProject('')
#1 F:\Softs\Softs\Development\XAMPP\xampp\htdocs\yii\framework\web\filters\CInlineFilter.php(59): IssueController->filterProjectContext(Object(CFilterChain))
#2 F:\Softs\Softs\Development\XAMPP\xampp\htdocs\yii\framework\web\filters\CFilterChain.php(130): CInlineFilter->filter(Object(CFilterChain))
#3 F:\Softs\Softs\Development\XAMPP\xampp\htdocs\yii\framework\web\filters\CFilter.php(41): CFilterChain->run()
#4 F:\Softs\Softs\Development\XAMPP\xampp\htdocs\yii\framework\web\CController.php(1084): CFilter->filter(Object(CFilterChain))
#5 F:\Softs\Softs\Development\XAMPP\xampp\htdocs\yii\framework\web\filters\CInlineFilter.php(59): CController->filterAccessControl(Object(CFilterChain))
#6 F:\Softs\Softs\Development\XAMPP\xampp\htdocs\yii\framework\web\filters\CFilterChain.php(130): CInlineFilter->filter(Object(CFilterChain))
#7 F:\Softs\Softs\Development\XAMPP\xampp\htdocs\yii\framework\web\CController.php(283): CFilterChain->run()
#8 F:\Softs\Softs\Development\XAMPP\xampp\htdocs\yii\framework\web\CController.php(257): CController->runActionWithFilters(Object(CInlineAction), Array)
#9 F:\Softs\Softs\Development\XAMPP\xampp\htdocs\yii\framework\web\CWebApplication.php(324): CController->run('admin')
#10 F:\Softs\Softs\Development\XAMPP\xampp\htdocs\yii\framework\web\CWebApplication.php(121): CWebApplication->runController('issue/admin')
#11 F:\Softs\Softs\Development\XAMPP\xampp\htdocs\yii\framework\base\CApplication.php(135): CWebApplication->processRequest()
#12 F:\Softs\Softs\Development\XAMPP\xampp\htdocs\trackstar\index.php(13): CApplication->run()
#13 {main} REQUEST_URI=/trackstar/index.php?r=issue/admin&pid=
2010/12/02 22:14:46 [error] [exception.CHttpException.404] exception 'CHttpException' with message 'The required project does not exist' in F:\Softs\Softs\Development\XAMPP\xampp\htdocs\trackstar\protected\controllers\IssueController.php:16
Stack trace:
#0 F:\Softs\Softs\Development\XAMPP\xampp\htdocs\trackstar\protected\controllers\IssueController.php(58): IssueController->loadProject(NULL)
#1 F:\Softs\Softs\Development\XAMPP\xampp\htdocs\yii\framework\web\filters\CInlineFilter.php(59): IssueController->filterProjectContext(Object(CFilterChain))
#2 F:\Softs\Softs\Development\XAMPP\xampp\htdocs\yii\framework\web\filters\CFilterChain.php(130): CInlineFilter->filter(Object(CFilterChain))
#3 F:\Softs\Softs\Development\XAMPP\xampp\htdocs\yii\framework\web\filters\CFilter.php(41): CFilterChain->run()
#4 F:\Softs\Softs\Development\XAMPP\xampp\htdocs\yii\framework\web\CController.php(1084): CFilter->filter(Object(CFilterChain))
#5 F:\Softs\Softs\Development\XAMPP\xampp\htdocs\yii\framework\web\filters\CInlineFilter.php(59): CController->filterAccessControl(Object(CFilterChain))
#6 F:\Softs\Softs\Development\XAMPP\xampp\htdocs\yii\framework\web\filters\CFilterChain.php(130): CInlineFilter->filter(Object(CFilterChain))
#7 F:\Softs\Softs\Development\XAMPP\xampp\htdocs\yii\framework\web\CController.php(283): CFilterChain->run()
#8 F:\Softs\Softs\Development\XAMPP\xampp\htdocs\yii\framework\web\CController.php(257): CController->runActionWithFilters(Object(CInlineAction), Array)
#9 F:\Softs\Softs\Development\XAMPP\xampp\htdocs\yii\framework\web\CWebApplication.php(324): CController->run('update')
#10 F:\Softs\Softs\Development\XAMPP\xampp\htdocs\yii\framework\web\CWebApplication.php(121): CWebApplication->runController('issue/update')
#11 F:\Softs\Softs\Development\XAMPP\xampp\htdocs\yii\framework\base\CApplication.php(135): CWebApplication->processRequest()
#12 F:\Softs\Softs\Development\XAMPP\xampp\htdocs\trackstar\index.php(13): CApplication->run()
#13 {main} REQUEST_URI=/trackstar/index.php?r=issue/update&id=1
2010/12/02 22:14:49 [error] [exception.CHttpException.404] exception 'CHttpException' with message 'The required project does not exist' in F:\Softs\Softs\Development\XAMPP\xampp\htdocs\trackstar\protected\controllers\IssueController.php:16
Stack trace:
#0 F:\Softs\Softs\Development\XAMPP\xampp\htdocs\trackstar\protected\controllers\IssueController.php(58): IssueController->loadProject(NULL)
#1 F:\Softs\Softs\Development\XAMPP\xampp\htdocs\yii\framework\web\filters\CInlineFilter.php(59): IssueController->filterProjectContext(Object(CFilterChain))
#2 F:\Softs\Softs\Development\XAMPP\xampp\htdocs\yii\framework\web\filters\CFilterChain.php(130): CInlineFilter->filter(Object(CFilterChain))
#3 F:\Softs\Softs\Development\XAMPP\xampp\htdocs\yii\framework\web\filters\CFilter.php(41): CFilterChain->run()
#4 F:\Softs\Softs\Development\XAMPP\xampp\htdocs\yii\framework\web\CController.php(1084): CFilter->filter(Object(CFilterChain))
#5 F:\Softs\Softs\Development\XAMPP\xampp\htdocs\yii\framework\web\filters\CInlineFilter.php(59): CController->filterAccessControl(Object(CFilterChain))
#6 F:\Softs\Softs\Development\XAMPP\xampp\htdocs\yii\framework\web\filters\CFilterChain.php(130): CInlineFilter->filter(Object(CFilterChain))
#7 F:\Softs\Softs\Development\XAMPP\xampp\htdocs\yii\framework\web\CController.php(283): CFilterChain->run()
#8 F:\Softs\Softs\Development\XAMPP\xampp\htdocs\yii\framework\web\CController.php(257): CController->runActionWithFilters(Object(CInlineAction), Array)
#9 F:\Softs\Softs\Development\XAMPP\xampp\htdocs\yii\framework\web\CWebApplication.php(324): CController->run('update')
#10 F:\Softs\Softs\Development\XAMPP\xampp\htdocs\yii\framework\web\CWebApplication.php(121): CWebApplication->runController('issue/update')
#11 F:\Softs\Softs\Development\XAMPP\xampp\htdocs\yii\framework\base\CApplication.php(135): CWebApplication->processRequest()
#12 F:\Softs\Softs\Development\XAMPP\xampp\htdocs\trackstar\index.php(13): CApplication->run()
#13 {main} REQUEST_URI=/trackstar/index.php?r=issue/update&id=1
